<?xml version="1.0" encoding="UTF-8"?>
<!-- Generated by org.testng.reporters.JUnitXMLReporter -->
<testsuite hostname="LTA1TFLHGS-MAC.local" ignored="10" name="ThrottlingTest" tests="3" failures="3" timestamp="03 Oct 2018 08:41:54 GMT" time="561.621" errors="0">
  <testcase name="validateStreamingModule" time="133.096" classname="com.bsb.wynkAndroid.Test.NetworkThrottlingTest">
    <failure type="org.openqa.selenium.TimeoutException" message="Expected condition failed: waiting for visibility of Proxy element for: DefaultElementLocator &amp;apos;By.id: mplayer_song_title&amp;apos; (tried for 20 second(s) with 500 MILLISECONDS interval)">
      <![CDATA[org.openqa.selenium.TimeoutException: Expected condition failed: waiting for visibility of Proxy element for: DefaultElementLocator 'By.id: mplayer_song_title' (tried for 20 second(s) with 500 MILLISECONDS interval)
at org.openqa.selenium.support.ui.WebDriverWait.timeoutException(WebDriverWait.java:82)
at org.openqa.selenium.support.ui.FluentWait.until(FluentWait.java:231)
at com.bsb.wynkAndroid.Utils.BaseUtil.WaitForElement(BaseUtil.java:739)
at com.bsb.wynkAndroid.Page.MiniPlayer.getCurrentSongPlayed(MiniPlayer.java:102)
at com.bsb.wynkAndroid.Test.StreamingTest.validatePlayerControls(StreamingTest.java:335)
at com.bsb.wynkAndroid.Test.NetworkThrottlingTest.validateStreamingModule(NetworkThrottlingTest.java:219)
at org.springframework.test.context.testng.AbstractTestNGSpringContextTests.run(AbstractTestNGSpringContextTests.java:172)
Caused by: org.openqa.selenium.NoSuchElementException: An element could not be located on the page using the given search parameters. (WARNING: The server did not provide any stacktrace information)
Command duration or timeout: 0 milliseconds
For documentation on this error, please visit: http://seleniumhq.org/exceptions/no_such_element.html
Build info: version: '3.9.1', revision: '63f7b50', time: '2018-02-07T22:25:02.294Z'
System info: host: 'LTA1TFLHGS-MAC.local', ip: 'fe80:0:0:0:53:fc97:b251:96a3%en0', os.name: 'Mac OS X', os.arch: 'x86_64', os.version: '10.13.2', java.version: '1.8.0_181'
Driver info: io.appium.java_client.android.AndroidDriver
Capabilities {appActivity: com.bsbportal.music.activit..., appPackage: com.bsbportal.music.debug, autoGrantPermissions: false, browserName: , databaseEnabled: false, desired: {appActivity: com.bsbportal.music.activit..., appPackage: com.bsbportal.music.debug, autoGrantPermissions: false, browserName: , deviceName: ANDROID, newCommandTimeout: 180, noReset: true, platformName: Android}, deviceManufacturer: OnePlus, deviceModel: ONEPLUS A3003, deviceName: d32c6c8f, deviceScreenSize: 1080x1920, deviceUDID: d32c6c8f, javascriptEnabled: true, locationContextEnabled: false, networkConnectionEnabled: true, newCommandTimeout: 180, noReset: true, platform: LINUX, platformName: LINUX, platformVersion: 8.0.0, takesScreenshot: true, warnings: {}, webStorageEnabled: false}
Session ID: 5f52c7db-1882-4296-9b2c-d6b1a969a0f1
*** Element info: {Using=id, value=mplayer_song_title}
at org.openqa.selenium.remote.ErrorHandler.createThrowable(ErrorHandler.java:214)
at org.openqa.selenium.remote.ErrorHandler.throwIfResponseFailed(ErrorHandler.java:166)
at org.openqa.selenium.remote.http.JsonHttpResponseCodec.reconstructValue(JsonHttpResponseCodec.java:40)
at org.openqa.selenium.remote.http.AbstractHttpResponseCodec.decode(AbstractHttpResponseCodec.java:80)
at org.openqa.selenium.remote.http.AbstractHttpResponseCodec.decode(AbstractHttpResponseCodec.java:44)
at org.openqa.selenium.remote.HttpCommandExecutor.execute(HttpCommandExecutor.java:160)
at io.appium.java_client.remote.AppiumCommandExecutor.execute(AppiumCommandExecutor.java:129)
at org.openqa.selenium.remote.RemoteWebDriver.execute(RemoteWebDriver.java:601)
at io.appium.java_client.DefaultGenericMobileDriver.execute(DefaultGenericMobileDriver.java:42)
at io.appium.java_client.AppiumDriver.execute(AppiumDriver.java:1)
at io.appium.java_client.android.AndroidDriver.execute(AndroidDriver.java:1)
at org.openqa.selenium.remote.RemoteWebDriver.findElement(RemoteWebDriver.java:371)
at io.appium.java_client.DefaultGenericMobileDriver.findElement(DefaultGenericMobileDriver.java:62)
at io.appium.java_client.AppiumDriver.findElement(AppiumDriver.java:1)
at io.appium.java_client.android.AndroidDriver.findElement(AndroidDriver.java:1)
at org.openqa.selenium.remote.RemoteWebDriver.findElementById(RemoteWebDriver.java:417)
at io.appium.java_client.DefaultGenericMobileDriver.findElementById(DefaultGenericMobileDriver.java:70)
at io.appium.java_client.AppiumDriver.findElementById(AppiumDriver.java:1)
at io.appium.java_client.android.AndroidDriver.findElementById(AndroidDriver.java:1)
at org.openqa.selenium.By$ById.findElement(By.java:218)
at org.openqa.selenium.remote.RemoteWebDriver.findElement(RemoteWebDriver.java:363)
at io.appium.java_client.DefaultGenericMobileDriver.findElement(DefaultGenericMobileDriver.java:58)
at io.appium.java_client.AppiumDriver.findElement(AppiumDriver.java:1)
at io.appium.java_client.android.AndroidDriver.findElement(AndroidDriver.java:1)
at org.openqa.selenium.support.pagefactory.DefaultElementLocator.findElement(DefaultElementLocator.java:69)
at org.openqa.selenium.support.pagefactory.internal.LocatingElementHandler.invoke(LocatingElementHandler.java:38)
at com.sun.proxy.$Proxy26.isDisplayed(Unknown Source)
at org.openqa.selenium.support.ui.ExpectedConditions.elementIfVisible(ExpectedConditions.java:315)
at org.openqa.selenium.support.ui.ExpectedConditions.access$100(ExpectedConditions.java:44)
at org.openqa.selenium.support.ui.ExpectedConditions$10.apply(ExpectedConditions.java:301)
at org.openqa.selenium.support.ui.ExpectedConditions$10.apply(ExpectedConditions.java:298)
at org.openqa.selenium.support.ui.FluentWait.until(FluentWait.java:208)
... 32 more
... Removed 30 stack frames]]>
    </failure>
  </testcase> <!-- validateStreamingModule -->
  <testcase name="validateStreamingModule" time="128.618" classname="com.bsb.wynkAndroid.Test.NetworkThrottlingTest">
    <failure type="org.openqa.selenium.TimeoutException" message="Expected condition failed: waiting for visibility of Proxy element for: DefaultElementLocator &amp;apos;By.id: tv_item_action_2&amp;apos; (tried for 20 second(s) with 500 MILLISECONDS interval)">
      <![CDATA[org.openqa.selenium.TimeoutException: Expected condition failed: waiting for visibility of Proxy element for: DefaultElementLocator 'By.id: tv_item_action_2' (tried for 20 second(s) with 500 MILLISECONDS interval)
at org.openqa.selenium.support.ui.WebDriverWait.timeoutException(WebDriverWait.java:82)
at org.openqa.selenium.support.ui.FluentWait.until(FluentWait.java:231)
at com.bsb.wynkAndroid.Utils.BaseUtil.WaitForElement(BaseUtil.java:739)
at com.bsb.wynkAndroid.Utils.BaseUtil.clickOnWebElement(BaseUtil.java:208)
at com.bsb.wynkAndroid.Page.PlayListScreen.clickPlayAllButton(PlayListScreen.java:1523)
at com.bsb.wynkAndroid.Test.StreamingTest.validatePlayerControls(StreamingTest.java:332)
at com.bsb.wynkAndroid.Test.NetworkThrottlingTest.validateStreamingModule(NetworkThrottlingTest.java:219)
at org.springframework.test.context.testng.AbstractTestNGSpringContextTests.run(AbstractTestNGSpringContextTests.java:172)
Caused by: org.openqa.selenium.NoSuchElementException: An element could not be located on the page using the given search parameters. (WARNING: The server did not provide any stacktrace information)
Command duration or timeout: 0 milliseconds
For documentation on this error, please visit: http://seleniumhq.org/exceptions/no_such_element.html
Build info: version: '3.9.1', revision: '63f7b50', time: '2018-02-07T22:25:02.294Z'
System info: host: 'LTA1TFLHGS-MAC.local', ip: 'fe80:0:0:0:53:fc97:b251:96a3%en0', os.name: 'Mac OS X', os.arch: 'x86_64', os.version: '10.13.2', java.version: '1.8.0_181'
Driver info: io.appium.java_client.android.AndroidDriver
Capabilities {appActivity: com.bsbportal.music.activit..., appPackage: com.bsbportal.music.debug, autoGrantPermissions: false, browserName: , databaseEnabled: false, desired: {appActivity: com.bsbportal.music.activit..., appPackage: com.bsbportal.music.debug, autoGrantPermissions: false, browserName: , deviceName: ANDROID, newCommandTimeout: 180, noReset: true, platformName: Android}, deviceManufacturer: OnePlus, deviceModel: ONEPLUS A3003, deviceName: d32c6c8f, deviceScreenSize: 1080x1920, deviceUDID: d32c6c8f, javascriptEnabled: true, locationContextEnabled: false, networkConnectionEnabled: true, newCommandTimeout: 180, noReset: true, platform: LINUX, platformName: LINUX, platformVersion: 8.0.0, takesScreenshot: true, warnings: {}, webStorageEnabled: false}
Session ID: 5f52c7db-1882-4296-9b2c-d6b1a969a0f1
*** Element info: {Using=id, value=tv_item_action_2}
at org.openqa.selenium.remote.ErrorHandler.createThrowable(ErrorHandler.java:214)
at org.openqa.selenium.remote.ErrorHandler.throwIfResponseFailed(ErrorHandler.java:166)
at org.openqa.selenium.remote.http.JsonHttpResponseCodec.reconstructValue(JsonHttpResponseCodec.java:40)
at org.openqa.selenium.remote.http.AbstractHttpResponseCodec.decode(AbstractHttpResponseCodec.java:80)
at org.openqa.selenium.remote.http.AbstractHttpResponseCodec.decode(AbstractHttpResponseCodec.java:44)
at org.openqa.selenium.remote.HttpCommandExecutor.execute(HttpCommandExecutor.java:160)
at io.appium.java_client.remote.AppiumCommandExecutor.execute(AppiumCommandExecutor.java:129)
at org.openqa.selenium.remote.RemoteWebDriver.execute(RemoteWebDriver.java:601)
at io.appium.java_client.DefaultGenericMobileDriver.execute(DefaultGenericMobileDriver.java:42)
at io.appium.java_client.AppiumDriver.execute(AppiumDriver.java:1)
at io.appium.java_client.android.AndroidDriver.execute(AndroidDriver.java:1)
at org.openqa.selenium.remote.RemoteWebDriver.findElement(RemoteWebDriver.java:371)
at io.appium.java_client.DefaultGenericMobileDriver.findElement(DefaultGenericMobileDriver.java:62)
at io.appium.java_client.AppiumDriver.findElement(AppiumDriver.java:1)
at io.appium.java_client.android.AndroidDriver.findElement(AndroidDriver.java:1)
at org.openqa.selenium.remote.RemoteWebDriver.findElementById(RemoteWebDriver.java:417)
at io.appium.java_client.DefaultGenericMobileDriver.findElementById(DefaultGenericMobileDriver.java:70)
at io.appium.java_client.AppiumDriver.findElementById(AppiumDriver.java:1)
at io.appium.java_client.android.AndroidDriver.findElementById(AndroidDriver.java:1)
at org.openqa.selenium.By$ById.findElement(By.java:218)
at org.openqa.selenium.remote.RemoteWebDriver.findElement(RemoteWebDriver.java:363)
at io.appium.java_client.DefaultGenericMobileDriver.findElement(DefaultGenericMobileDriver.java:58)
at io.appium.java_client.AppiumDriver.findElement(AppiumDriver.java:1)
at io.appium.java_client.android.AndroidDriver.findElement(AndroidDriver.java:1)
at org.openqa.selenium.support.pagefactory.DefaultElementLocator.findElement(DefaultElementLocator.java:69)
at org.openqa.selenium.support.pagefactory.internal.LocatingElementHandler.invoke(LocatingElementHandler.java:38)
at com.sun.proxy.$Proxy26.isDisplayed(Unknown Source)
at org.openqa.selenium.support.ui.ExpectedConditions.elementIfVisible(ExpectedConditions.java:315)
at org.openqa.selenium.support.ui.ExpectedConditions.access$100(ExpectedConditions.java:44)
at org.openqa.selenium.support.ui.ExpectedConditions$10.apply(ExpectedConditions.java:301)
at org.openqa.selenium.support.ui.ExpectedConditions$10.apply(ExpectedConditions.java:298)
at org.openqa.selenium.support.ui.FluentWait.until(FluentWait.java:208)
... 33 more
... Removed 30 stack frames]]>
    </failure>
  </testcase> <!-- validateStreamingModule -->
  <testcase name="validateStreamingModule" time="120.325" classname="com.bsb.wynkAndroid.Test.NetworkThrottlingTest">
    <failure type="org.openqa.selenium.NoSuchElementException" message="UiSelector[INSTANCE=0, RESOURCE_ID=com.bsbportal.music.debug:id/mplayer_song_title] (WARNING: The server did not provide any stacktrace information)
Command duration or timeout: 0 milliseconds
For documentation on this error, please visit: http://seleniumhq.org/exceptions/no_such_element.html
Build info: version: &amp;apos;3.9.1&amp;apos;, revision: &amp;apos;63f7b50&amp;apos;, time: &amp;apos;2018-02-07T22:25:02.294Z&amp;apos;
System info: host: &amp;apos;LTA1TFLHGS-MAC.local&amp;apos;, ip: &amp;apos;fe80:0:0:0:53:fc97:b251:96a3%en0&amp;apos;, os.name: &amp;apos;Mac OS X&amp;apos;, os.arch: &amp;apos;x86_64&amp;apos;, os.version: &amp;apos;10.13.2&amp;apos;, java.version: &amp;apos;1.8.0_181&amp;apos;
Driver info: io.appium.java_client.android.AndroidDriver
Capabilities {appActivity: com.bsbportal.music.activit..., appPackage: com.bsbportal.music.debug, autoGrantPermissions: false, browserName: , databaseEnabled: false, desired: {appActivity: com.bsbportal.music.activit..., appPackage: com.bsbportal.music.debug, autoGrantPermissions: false, browserName: , deviceName: ANDROID, newCommandTimeout: 180, noReset: true, platformName: Android}, deviceManufacturer: OnePlus, deviceModel: ONEPLUS A3003, deviceName: d32c6c8f, deviceScreenSize: 1080x1920, deviceUDID: d32c6c8f, javascriptEnabled: true, locationContextEnabled: false, networkConnectionEnabled: true, newCommandTimeout: 180, noReset: true, platform: LINUX, platformName: LINUX, platformVersion: 8.0.0, takesScreenshot: true, warnings: {}, webStorageEnabled: false}
Session ID: 5f52c7db-1882-4296-9b2c-d6b1a969a0f1">
      <![CDATA[org.openqa.selenium.NoSuchElementException: UiSelector[INSTANCE=0, RESOURCE_ID=com.bsbportal.music.debug:id/mplayer_song_title] (WARNING: The server did not provide any stacktrace information)
Command duration or timeout: 0 milliseconds
For documentation on this error, please visit: http://seleniumhq.org/exceptions/no_such_element.html
Build info: version: '3.9.1', revision: '63f7b50', time: '2018-02-07T22:25:02.294Z'
System info: host: 'LTA1TFLHGS-MAC.local', ip: 'fe80:0:0:0:53:fc97:b251:96a3%en0', os.name: 'Mac OS X', os.arch: 'x86_64', os.version: '10.13.2', java.version: '1.8.0_181'
Driver info: io.appium.java_client.android.AndroidDriver
Capabilities {appActivity: com.bsbportal.music.activit..., appPackage: com.bsbportal.music.debug, autoGrantPermissions: false, browserName: , databaseEnabled: false, desired: {appActivity: com.bsbportal.music.activit..., appPackage: com.bsbportal.music.debug, autoGrantPermissions: false, browserName: , deviceName: ANDROID, newCommandTimeout: 180, noReset: true, platformName: Android}, deviceManufacturer: OnePlus, deviceModel: ONEPLUS A3003, deviceName: d32c6c8f, deviceScreenSize: 1080x1920, deviceUDID: d32c6c8f, javascriptEnabled: true, locationContextEnabled: false, networkConnectionEnabled: true, newCommandTimeout: 180, noReset: true, platform: LINUX, platformName: LINUX, platformVersion: 8.0.0, takesScreenshot: true, warnings: {}, webStorageEnabled: false}
Session ID: 5f52c7db-1882-4296-9b2c-d6b1a969a0f1
at org.openqa.selenium.remote.ErrorHandler.createThrowable(ErrorHandler.java:214)
at org.openqa.selenium.remote.ErrorHandler.throwIfResponseFailed(ErrorHandler.java:166)
at org.openqa.selenium.remote.http.JsonHttpResponseCodec.reconstructValue(JsonHttpResponseCodec.java:40)
at org.openqa.selenium.remote.http.AbstractHttpResponseCodec.decode(AbstractHttpResponseCodec.java:80)
at org.openqa.selenium.remote.http.AbstractHttpResponseCodec.decode(AbstractHttpResponseCodec.java:44)
at org.openqa.selenium.remote.HttpCommandExecutor.execute(HttpCommandExecutor.java:160)
at io.appium.java_client.remote.AppiumCommandExecutor.execute(AppiumCommandExecutor.java:129)
at org.openqa.selenium.remote.RemoteWebDriver.execute(RemoteWebDriver.java:601)
at io.appium.java_client.DefaultGenericMobileDriver.execute(DefaultGenericMobileDriver.java:42)
at io.appium.java_client.AppiumDriver.execute(AppiumDriver.java:1)
at io.appium.java_client.android.AndroidDriver.execute(AndroidDriver.java:1)
at org.openqa.selenium.remote.RemoteWebElement.execute(RemoteWebElement.java:279)
at io.appium.java_client.DefaultGenericMobileElement.execute(DefaultGenericMobileElement.java:45)
at io.appium.java_client.MobileElement.execute(MobileElement.java:1)
at io.appium.java_client.android.AndroidElement.execute(AndroidElement.java:1)
at org.openqa.selenium.remote.RemoteWebElement.getAttribute(RemoteWebElement.java:128)
at org.openqa.selenium.support.pagefactory.internal.LocatingElementHandler.invoke(LocatingElementHandler.java:51)
at com.sun.proxy.$Proxy26.getAttribute(Unknown Source)
at com.bsb.wynkAndroid.Page.MiniPlayer.getCurrentSongPlayed(MiniPlayer.java:103)
at com.bsb.wynkAndroid.Test.StreamingTest.validatePlayerControls(StreamingTest.java:335)
at com.bsb.wynkAndroid.Test.NetworkThrottlingTest.validateStreamingModule(NetworkThrottlingTest.java:219)
at org.springframework.test.context.testng.AbstractTestNGSpringContextTests.run(AbstractTestNGSpringContextTests.java:172)
... Removed 34 stack frames]]>
    </failure>
  </testcase> <!-- validateStreamingModule -->
  <testcase name="validateArtistModule" time="0.0" classname="com.bsb.wynkAndroid.Test.NetworkThrottlingTest">
    <ignored/>
  </testcase> <!-- validateArtistModule -->
  <testcase name="validateHomescreenModule" time="0.0" classname="com.bsb.wynkAndroid.Test.NetworkThrottlingTest">
    <ignored/>
  </testcase> <!-- validateHomescreenModule -->
  <testcase name="validateMyMusicModule" time="0.0" classname="com.bsb.wynkAndroid.Test.NetworkThrottlingTest">
    <ignored/>
  </testcase> <!-- validateMyMusicModule -->
  <testcase name="validateRadioRails" time="0.0" classname="com.bsb.wynkAndroid.Test.NetworkThrottlingTest">
    <ignored/>
  </testcase> <!-- validateRadioRails -->
  <testcase name="validateMoreScreenOfRailsOnHomescreen" time="0.0" classname="com.bsb.wynkAndroid.Test.NetworkThrottlingTest">
    <ignored/>
  </testcase> <!-- validateMoreScreenOfRailsOnHomescreen -->
  <testcase name="validateFollowForArtist" time="0.0" classname="com.bsb.wynkAndroid.Test.NetworkThrottlingTest">
    <ignored/>
  </testcase> <!-- validateFollowForArtist -->
  <testcase name="validateRentingModule" time="0.0" classname="com.bsb.wynkAndroid.Test.NetworkThrottlingTest">
    <ignored/>
  </testcase> <!-- validateRentingModule -->
  <testcase name="validateSearchModule" time="0.0" classname="com.bsb.wynkAndroid.Test.NetworkThrottlingTest">
    <ignored/>
  </testcase> <!-- validateSearchModule -->
  <testcase name="validatePlaylistModule" time="0.0" classname="com.bsb.wynkAndroid.Test.NetworkThrottlingTest">
    <ignored/>
  </testcase> <!-- validatePlaylistModule -->
  <testcase name="validateRadioModule" time="0.0" classname="com.bsb.wynkAndroid.Test.NetworkThrottlingTest">
    <ignored/>
  </testcase> <!-- validateRadioModule -->
</testsuite> <!-- ThrottlingTest -->
