<?xml version="1.0" encoding="UTF-8"?>
<!-- Generated by org.testng.reporters.JUnitXMLReporter -->
<testsuite hostname="LTA1TFLHGS-MAC.local" ignored="44" name="Download Song" tests="1" failures="0" timestamp="24 Sep 2018 11:48:38 GMT" time="385.139" errors="0">
  <testcase name="@BeforeMethod beforeMethod" time="171.969" classname="com.bsb.wynkAndroid.Test.DownloadSongsTest">
    <failure type="org.openqa.selenium.NoSuchElementException" message="An element could not be located on the page using the given search parameters. (WARNING: The server did not provide any stacktrace information)
Command duration or timeout: 0 milliseconds
For documentation on this error, please visit: http://seleniumhq.org/exceptions/no_such_element.html
Build info: version: &amp;apos;3.9.1&amp;apos;, revision: &amp;apos;63f7b50&amp;apos;, time: &amp;apos;2018-02-07T22:25:02.294Z&amp;apos;
System info: host: &amp;apos;LTA1TFLHGS-MAC.local&amp;apos;, ip: &amp;apos;fe80:0:0:0:53:fc97:b251:96a3%en0&amp;apos;, os.name: &amp;apos;Mac OS X&amp;apos;, os.arch: &amp;apos;x86_64&amp;apos;, os.version: &amp;apos;10.13.2&amp;apos;, java.version: &amp;apos;1.8.0_181&amp;apos;
Driver info: io.appium.java_client.android.AndroidDriver
Capabilities {appActivity: com.bsbportal.music.activit..., appPackage: com.bsbportal.music.debug, autoGrantPermissions: false, browserName: , databaseEnabled: false, desired: {appActivity: com.bsbportal.music.activit..., appPackage: com.bsbportal.music.debug, autoGrantPermissions: false, browserName: , deviceName: ANDROID, newCommandTimeout: 180, noReset: true, platformName: Android}, deviceManufacturer: OnePlus, deviceModel: ONEPLUS A3003, deviceName: d32c6c8f, deviceScreenSize: 1080x1920, deviceUDID: d32c6c8f, javascriptEnabled: true, locationContextEnabled: false, networkConnectionEnabled: true, newCommandTimeout: 180, noReset: true, platform: LINUX, platformName: LINUX, platformVersion: 8.0.0, takesScreenshot: true, warnings: {}, webStorageEnabled: false}
Session ID: 6ab41be3-1bbf-40f6-b81c-a40007d1196c
*** Element info: {Using=id, value=bottom_navigation_bar}">
      <![CDATA[org.openqa.selenium.NoSuchElementException: An element could not be located on the page using the given search parameters. (WARNING: The server did not provide any stacktrace information)
Command duration or timeout: 0 milliseconds
For documentation on this error, please visit: http://seleniumhq.org/exceptions/no_such_element.html
Build info: version: '3.9.1', revision: '63f7b50', time: '2018-02-07T22:25:02.294Z'
System info: host: 'LTA1TFLHGS-MAC.local', ip: 'fe80:0:0:0:53:fc97:b251:96a3%en0', os.name: 'Mac OS X', os.arch: 'x86_64', os.version: '10.13.2', java.version: '1.8.0_181'
Driver info: io.appium.java_client.android.AndroidDriver
Capabilities {appActivity: com.bsbportal.music.activit..., appPackage: com.bsbportal.music.debug, autoGrantPermissions: false, browserName: , databaseEnabled: false, desired: {appActivity: com.bsbportal.music.activit..., appPackage: com.bsbportal.music.debug, autoGrantPermissions: false, browserName: , deviceName: ANDROID, newCommandTimeout: 180, noReset: true, platformName: Android}, deviceManufacturer: OnePlus, deviceModel: ONEPLUS A3003, deviceName: d32c6c8f, deviceScreenSize: 1080x1920, deviceUDID: d32c6c8f, javascriptEnabled: true, locationContextEnabled: false, networkConnectionEnabled: true, newCommandTimeout: 180, noReset: true, platform: LINUX, platformName: LINUX, platformVersion: 8.0.0, takesScreenshot: true, warnings: {}, webStorageEnabled: false}
Session ID: 6ab41be3-1bbf-40f6-b81c-a40007d1196c
*** Element info: {Using=id, value=bottom_navigation_bar}
at org.openqa.selenium.remote.ErrorHandler.createThrowable(ErrorHandler.java:214)
at org.openqa.selenium.remote.ErrorHandler.throwIfResponseFailed(ErrorHandler.java:166)
at org.openqa.selenium.remote.http.JsonHttpResponseCodec.reconstructValue(JsonHttpResponseCodec.java:40)
at org.openqa.selenium.remote.http.AbstractHttpResponseCodec.decode(AbstractHttpResponseCodec.java:80)
at org.openqa.selenium.remote.http.AbstractHttpResponseCodec.decode(AbstractHttpResponseCodec.java:44)
at org.openqa.selenium.remote.HttpCommandExecutor.execute(HttpCommandExecutor.java:160)
at io.appium.java_client.remote.AppiumCommandExecutor.execute(AppiumCommandExecutor.java:129)
at org.openqa.selenium.remote.RemoteWebDriver.execute(RemoteWebDriver.java:601)
at io.appium.java_client.DefaultGenericMobileDriver.execute(DefaultGenericMobileDriver.java:42)
at io.appium.java_client.AppiumDriver.execute(AppiumDriver.java:1)
at io.appium.java_client.android.AndroidDriver.execute(AndroidDriver.java:1)
at org.openqa.selenium.remote.RemoteWebDriver.findElement(RemoteWebDriver.java:371)
at io.appium.java_client.DefaultGenericMobileDriver.findElement(DefaultGenericMobileDriver.java:62)
at io.appium.java_client.AppiumDriver.findElement(AppiumDriver.java:1)
at io.appium.java_client.android.AndroidDriver.findElement(AndroidDriver.java:1)
at org.openqa.selenium.remote.RemoteWebDriver.findElementById(RemoteWebDriver.java:417)
at io.appium.java_client.DefaultGenericMobileDriver.findElementById(DefaultGenericMobileDriver.java:70)
at io.appium.java_client.AppiumDriver.findElementById(AppiumDriver.java:1)
at io.appium.java_client.android.AndroidDriver.findElementById(AndroidDriver.java:1)
at org.openqa.selenium.By$ById.findElement(By.java:218)
at org.openqa.selenium.remote.RemoteWebDriver.findElement(RemoteWebDriver.java:363)
at io.appium.java_client.DefaultGenericMobileDriver.findElement(DefaultGenericMobileDriver.java:58)
at io.appium.java_client.AppiumDriver.findElement(AppiumDriver.java:1)
at io.appium.java_client.android.AndroidDriver.findElement(AndroidDriver.java:1)
at com.bsb.wynkAndroid.Page.CommonPages.selectSectionFromBottomNavigation(CommonPages.java:316)
at com.bsb.wynkAndroid.Page.CommonPages.beforeMethod(CommonPages.java:372)
at com.bsb.wynkAndroid.Test.DownloadSongsTest.beforeMethod(DownloadSongsTest.java:167)
... Removed 31 stack frames]]>
    </failure>
  </testcase> <!-- @BeforeMethod beforeMethod -->
  <testcase name="@AfterMethod afterMethod" time="0.0" classname="com.bsb.wynkAndroid.Test.DownloadSongsTest">
    <skipped/>
  </testcase> <!-- @AfterMethod afterMethod -->
  <testcase name="validateDownloadUnRegisteredUserFollowArtist" time="0.0" classname="com.bsb.wynkAndroid.Test.DownloadSongsTest">
    <skipped/>
  </testcase> <!-- validateDownloadUnRegisteredUserFollowArtist -->
  <testcase name="validateDSMFunctionality" time="0.0" classname="com.bsb.wynkAndroid.Test.DownloadSongsTest">
    <ignored/>
  </testcase> <!-- validateDSMFunctionality -->
  <testcase name="validateDownloadAllSongFollowedPlayList" time="0.0" classname="com.bsb.wynkAndroid.Test.DownloadSongsTest">
    <ignored/>
  </testcase> <!-- validateDownloadAllSongFollowedPlayList -->
  <testcase name="validateDownloadErrorStateSongTest" time="0.0" classname="com.bsb.wynkAndroid.Test.DownloadSongsTest">
    <ignored/>
  </testcase> <!-- validateDownloadErrorStateSongTest -->
  <testcase name="validateDownloadOn3G" time="0.0" classname="com.bsb.wynkAndroid.Test.DownloadSongsTest">
    <ignored/>
  </testcase> <!-- validateDownloadOn3G -->
  <testcase name="validateStopDownloadButtonVerify" time="0.0" classname="com.bsb.wynkAndroid.Test.DownloadSongsTest">
    <ignored/>
  </testcase> <!-- validateStopDownloadButtonVerify -->
  <testcase name="validateErrorStateNotRedownloadTest" time="0.0" classname="com.bsb.wynkAndroid.Test.DownloadSongsTest">
    <ignored/>
  </testcase> <!-- validateErrorStateNotRedownloadTest -->
  <testcase name="validateOfflineMusic" time="0.0" classname="com.bsb.wynkAndroid.Test.DownloadSongsTest">
    <ignored/>
  </testcase> <!-- validateOfflineMusic -->
  <testcase name="validateAllStatsCheck" time="0.0" classname="com.bsb.wynkAndroid.Test.DownloadSongsTest">
    <ignored/>
  </testcase> <!-- validateAllStatsCheck -->
  <testcase name="validateDownloadSingleSongOfPlayList" time="0.0" classname="com.bsb.wynkAndroid.Test.DownloadSongsTest">
    <ignored/>
  </testcase> <!-- validateDownloadSingleSongOfPlayList -->
  <testcase name="validateDownloadUnRegisteredUserAlbum" time="0.0" classname="com.bsb.wynkAndroid.Test.DownloadSongsTest">
    <ignored/>
  </testcase> <!-- validateDownloadUnRegisteredUserAlbum -->
  <testcase name="validateRedownloadHigh" time="0.0" classname="com.bsb.wynkAndroid.Test.DownloadSongsTest">
    <ignored/>
  </testcase> <!-- validateRedownloadHigh -->
  <testcase name="validateDownloadUnRegisteredPlayer" time="0.0" classname="com.bsb.wynkAndroid.Test.DownloadSongsTest">
    <ignored/>
  </testcase> <!-- validateDownloadUnRegisteredPlayer -->
  <testcase name="validateRedownload" time="0.0" classname="com.bsb.wynkAndroid.Test.DownloadSongsTest">
    <ignored/>
  </testcase> <!-- validateRedownload -->
  <testcase name="validateDownloadFromArtist" time="0.0" classname="com.bsb.wynkAndroid.Test.DownloadSongsTest">
    <ignored/>
  </testcase> <!-- validateDownloadFromArtist -->
  <testcase name="validateRedownloadHD" time="0.0" classname="com.bsb.wynkAndroid.Test.DownloadSongsTest">
    <ignored/>
  </testcase> <!-- validateRedownloadHD -->
  <testcase name="validateRedownloadMedium" time="0.0" classname="com.bsb.wynkAndroid.Test.DownloadSongsTest">
    <ignored/>
  </testcase> <!-- validateRedownloadMedium -->
  <testcase name="validateDownloadSongFromPlayerTest" time="0.0" classname="com.bsb.wynkAndroid.Test.DownloadSongsTest">
    <ignored/>
  </testcase> <!-- validateDownloadSongFromPlayerTest -->
  <testcase name="validateDownloadAllSongsOfPlayListHavingMorethan500Songs" time="0.0" classname="com.bsb.wynkAndroid.Test.DownloadSongsTest">
    <ignored/>
  </testcase> <!-- validateDownloadAllSongsOfPlayListHavingMorethan500Songs -->
  <testcase name="initializeDriver" time="0.0" classname="com.bsb.wynkAndroid.Test.DownloadSongsTest">
    <ignored/>
  </testcase> <!-- initializeDriver -->
  <testcase name="validateLocalMP3DownloadVerifyTest" time="0.0" classname="com.bsb.wynkAndroid.Test.DownloadSongsTest">
    <ignored/>
  </testcase> <!-- validateLocalMP3DownloadVerifyTest -->
  <testcase name="validateDownloadSongFromRadio" time="0.0" classname="com.bsb.wynkAndroid.Test.DownloadSongsTest">
    <ignored/>
  </testcase> <!-- validateDownloadSongFromRadio -->
  <testcase name="validateRedownloadSongWithDifferentQualityTest" time="0.0" classname="com.bsb.wynkAndroid.Test.DownloadSongsTest">
    <ignored/>
  </testcase> <!-- validateRedownloadSongWithDifferentQualityTest -->
  <testcase name="validateReDownloadFileNotDeleteTest" time="0.0" classname="com.bsb.wynkAndroid.Test.DownloadSongsTest">
    <ignored/>
  </testcase> <!-- validateReDownloadFileNotDeleteTest -->
  <testcase name="validateDownloadAllSongsOfPlayList" time="0.0" classname="com.bsb.wynkAndroid.Test.DownloadSongsTest">
    <ignored/>
  </testcase> <!-- validateDownloadAllSongsOfPlayList -->
  <testcase name="validateDownloadOn2G" time="0.0" classname="com.bsb.wynkAndroid.Test.DownloadSongsTest">
    <ignored/>
  </testcase> <!-- validateDownloadOn2G -->
  <testcase name="validateDownloadUnRegisteredPlayList" time="0.0" classname="com.bsb.wynkAndroid.Test.DownloadSongsTest">
    <ignored/>
  </testcase> <!-- validateDownloadUnRegisteredPlayList -->
  <testcase name="validateDownloadAllFromAlbum" time="0.0" classname="com.bsb.wynkAndroid.Test.DownloadSongsTest">
    <ignored/>
  </testcase> <!-- validateDownloadAllFromAlbum -->
  <testcase name="validateDownloadOn4G" time="0.0" classname="com.bsb.wynkAndroid.Test.DownloadSongsTest">
    <ignored/>
  </testcase> <!-- validateDownloadOn4G -->
  <testcase name="validateDSMFunctionality2G" time="0.0" classname="com.bsb.wynkAndroid.Test.DownloadSongsTest">
    <ignored/>
  </testcase> <!-- validateDSMFunctionality2G -->
  <testcase name="validateUnMappedLocalMP3SongTest" time="0.0" classname="com.bsb.wynkAndroid.Test.DownloadSongsTest">
    <ignored/>
  </testcase> <!-- validateUnMappedLocalMP3SongTest -->
  <testcase name="validateErrorState" time="0.0" classname="com.bsb.wynkAndroid.Test.DownloadSongsTest">
    <ignored/>
  </testcase> <!-- validateErrorState -->
  <testcase name="validateDownloadUnRegisteredSearch" time="0.0" classname="com.bsb.wynkAndroid.Test.DownloadSongsTest">
    <ignored/>
  </testcase> <!-- validateDownloadUnRegisteredSearch -->
  <testcase name="validateDownloadUnRegisteredUserArtist" time="0.0" classname="com.bsb.wynkAndroid.Test.DownloadSongsTest">
    <ignored/>
  </testcase> <!-- validateDownloadUnRegisteredUserArtist -->
  <testcase name="validateDownloadAfter3Play" time="0.0" classname="com.bsb.wynkAndroid.Test.DownloadSongsTest">
    <ignored/>
  </testcase> <!-- validateDownloadAfter3Play -->
  <testcase name="validateDownloadAllFromArtist" time="0.0" classname="com.bsb.wynkAndroid.Test.DownloadSongsTest">
    <ignored/>
  </testcase> <!-- validateDownloadAllFromArtist -->
  <testcase name="validateDownloadOneSongOfFollowedPlayList" time="0.0" classname="com.bsb.wynkAndroid.Test.DownloadSongsTest">
    <ignored/>
  </testcase> <!-- validateDownloadOneSongOfFollowedPlayList -->
  <testcase name="validateDeleteMultipleDownloaded" time="0.0" classname="com.bsb.wynkAndroid.Test.DownloadSongsTest">
    <ignored/>
  </testcase> <!-- validateDeleteMultipleDownloaded -->
  <testcase name="validateDownloadUnRegisteredUserPlayList" time="0.0" classname="com.bsb.wynkAndroid.Test.DownloadSongsTest">
    <ignored/>
  </testcase> <!-- validateDownloadUnRegisteredUserPlayList -->
  <testcase name="validateDownloadUnfinishedSongs" time="0.0" classname="com.bsb.wynkAndroid.Test.DownloadSongsTest">
    <ignored/>
  </testcase> <!-- validateDownloadUnfinishedSongs -->
  <testcase name="validateUnfinishedDownloadTest" time="0.0" classname="com.bsb.wynkAndroid.Test.DownloadSongsTest">
    <ignored/>
  </testcase> <!-- validateUnfinishedDownloadTest -->
  <testcase name="validateDownloadForUnregisteredUser" time="0.0" classname="com.bsb.wynkAndroid.Test.DownloadSongsTest">
    <ignored/>
  </testcase> <!-- validateDownloadForUnregisteredUser -->
  <testcase name="validateDownloadSongFromQueueTest" time="0.0" classname="com.bsb.wynkAndroid.Test.DownloadSongsTest">
    <ignored/>
  </testcase> <!-- validateDownloadSongFromQueueTest -->
  <testcase name="deleteDownloadedSongs" time="0.0" classname="com.bsb.wynkAndroid.Test.DownloadSongsTest">
    <ignored/>
  </testcase> <!-- deleteDownloadedSongs -->
  <testcase name="validateDownloadFromAlbum" time="0.0" classname="com.bsb.wynkAndroid.Test.DownloadSongsTest">
    <ignored/>
  </testcase> <!-- validateDownloadFromAlbum -->
</testsuite> <!-- Download Song -->
