<?xml version="1.0" encoding="UTF-8"?>
<!-- Generated by org.testng.reporters.JUnitXMLReporter -->
<testsuite hostname="LTA1TFLHGS-MAC.local" ignored="0" name="Default test(failed)" tests="2" failures="0" timestamp="23 Jul 2018 07:12:24 GMT" time="0.878" errors="0">
  <testcase name="@BeforeTest launchApp" time="0.827" classname="com.bsb.wynkAndroid.Test.PlayListTest">
    <failure type="java.lang.NullPointerException">
      <![CDATA[java.lang.NullPointerException
at com.bsb.wynkAndroid.Test.PlayListTest.launchApp(PlayListTest.java:95)
... Removed 24 stack frames]]>
    </failure>
  </testcase> <!-- @BeforeTest launchApp -->
  <testcase name="@BeforeMethod beforeMethod" time="0.0" classname="com.bsb.wynkAndroid.Test.PlayListTest">
    <skipped/>
  </testcase> <!-- @BeforeMethod beforeMethod -->
  <testcase name="@AfterMethod afterMethod" time="0.0" classname="com.bsb.wynkAndroid.Test.PlayListTest">
    <skipped/>
  </testcase> <!-- @AfterMethod afterMethod -->
  <testcase name="@BeforeMethod beforeMethod" time="0.0" classname="com.bsb.wynkAndroid.Test.PlayListTest">
    <skipped/>
  </testcase> <!-- @BeforeMethod beforeMethod -->
  <testcase name="@AfterMethod afterMethod" time="0.0" classname="com.bsb.wynkAndroid.Test.PlayListTest">
    <skipped/>
  </testcase> <!-- @AfterMethod afterMethod -->
  <testcase name="followArtist" time="0.0" classname="com.bsb.wynkAndroid.Test.PlayListTest">
    <skipped/>
  </testcase> <!-- followArtist -->
  <testcase name="shareSong" time="0.0" classname="com.bsb.wynkAndroid.Test.PlayListTest">
    <skipped/>
  </testcase> <!-- shareSong -->
</testsuite> <!-- Default test(failed) -->
