<?xml version="1.0" encoding="UTF-8"?>
<!-- Generated by org.testng.reporters.JUnitXMLReporter -->
<testsuite hostname="LTA1TFLHGS-MAC.local" ignored="1" name="ArtistTest" tests="16" failures="0" timestamp="26 Oct 2018 07:14:00 GMT" time="1.33" errors="0">
  <testcase name="@BeforeClass launchApp" time="1.085" classname="com.bsb.wynkAndroid.Test.ArtistTest">
    <failure type="java.lang.NullPointerException">
      <![CDATA[java.lang.NullPointerException
at com.bsb.wynkAndroid.Test.ArtistTest.launchApp(ArtistTest.java:150)
... Removed 26 stack frames]]>
    </failure>
  </testcase> <!-- @BeforeClass launchApp -->
  <testcase name="@BeforeMethod beforeMethod" time="0.0" classname="com.bsb.wynkAndroid.Test.ArtistTest">
    <skipped/>
  </testcase> <!-- @BeforeMethod beforeMethod -->
  <testcase name="@AfterMethod afterMethod" time="0.0" classname="com.bsb.wynkAndroid.Test.ArtistTest">
    <skipped/>
  </testcase> <!-- @AfterMethod afterMethod -->
  <testcase name="@BeforeMethod beforeMethod" time="0.0" classname="com.bsb.wynkAndroid.Test.ArtistTest">
    <skipped/>
  </testcase> <!-- @BeforeMethod beforeMethod -->
  <testcase name="@AfterMethod afterMethod" time="0.0" classname="com.bsb.wynkAndroid.Test.ArtistTest">
    <skipped/>
  </testcase> <!-- @AfterMethod afterMethod -->
  <testcase name="@BeforeMethod beforeMethod" time="0.0" classname="com.bsb.wynkAndroid.Test.ArtistTest">
    <skipped/>
  </testcase> <!-- @BeforeMethod beforeMethod -->
  <testcase name="@AfterMethod afterMethod" time="0.0" classname="com.bsb.wynkAndroid.Test.ArtistTest">
    <skipped/>
  </testcase> <!-- @AfterMethod afterMethod -->
  <testcase name="@BeforeMethod beforeMethod" time="0.0" classname="com.bsb.wynkAndroid.Test.ArtistTest">
    <skipped/>
  </testcase> <!-- @BeforeMethod beforeMethod -->
  <testcase name="@AfterMethod afterMethod" time="0.0" classname="com.bsb.wynkAndroid.Test.ArtistTest">
    <skipped/>
  </testcase> <!-- @AfterMethod afterMethod -->
  <testcase name="@BeforeMethod beforeMethod" time="0.0" classname="com.bsb.wynkAndroid.Test.ArtistTest">
    <skipped/>
  </testcase> <!-- @BeforeMethod beforeMethod -->
  <testcase name="@AfterMethod afterMethod" time="0.0" classname="com.bsb.wynkAndroid.Test.ArtistTest">
    <skipped/>
  </testcase> <!-- @AfterMethod afterMethod -->
  <testcase name="@BeforeMethod beforeMethod" time="0.0" classname="com.bsb.wynkAndroid.Test.ArtistTest">
    <skipped/>
  </testcase> <!-- @BeforeMethod beforeMethod -->
  <testcase name="@AfterMethod afterMethod" time="0.0" classname="com.bsb.wynkAndroid.Test.ArtistTest">
    <skipped/>
  </testcase> <!-- @AfterMethod afterMethod -->
  <testcase name="@BeforeMethod beforeMethod" time="0.0" classname="com.bsb.wynkAndroid.Test.ArtistTest">
    <skipped/>
  </testcase> <!-- @BeforeMethod beforeMethod -->
  <testcase name="@AfterMethod afterMethod" time="0.0" classname="com.bsb.wynkAndroid.Test.ArtistTest">
    <skipped/>
  </testcase> <!-- @AfterMethod afterMethod -->
  <testcase name="@BeforeMethod beforeMethod" time="0.0" classname="com.bsb.wynkAndroid.Test.ArtistTest">
    <skipped/>
  </testcase> <!-- @BeforeMethod beforeMethod -->
  <testcase name="@AfterMethod afterMethod" time="0.0" classname="com.bsb.wynkAndroid.Test.ArtistTest">
    <skipped/>
  </testcase> <!-- @AfterMethod afterMethod -->
  <testcase name="@BeforeMethod beforeMethod" time="0.0" classname="com.bsb.wynkAndroid.Test.ArtistTest">
    <skipped/>
  </testcase> <!-- @BeforeMethod beforeMethod -->
  <testcase name="@AfterMethod afterMethod" time="0.0" classname="com.bsb.wynkAndroid.Test.ArtistTest">
    <skipped/>
  </testcase> <!-- @AfterMethod afterMethod -->
  <testcase name="@BeforeMethod beforeMethod" time="0.0" classname="com.bsb.wynkAndroid.Test.ArtistTest">
    <skipped/>
  </testcase> <!-- @BeforeMethod beforeMethod -->
  <testcase name="@AfterMethod afterMethod" time="0.0" classname="com.bsb.wynkAndroid.Test.ArtistTest">
    <skipped/>
  </testcase> <!-- @AfterMethod afterMethod -->
  <testcase name="@BeforeMethod beforeMethod" time="0.0" classname="com.bsb.wynkAndroid.Test.ArtistTest">
    <skipped/>
  </testcase> <!-- @BeforeMethod beforeMethod -->
  <testcase name="@AfterMethod afterMethod" time="0.0" classname="com.bsb.wynkAndroid.Test.ArtistTest">
    <skipped/>
  </testcase> <!-- @AfterMethod afterMethod -->
  <testcase name="@BeforeMethod beforeMethod" time="0.0" classname="com.bsb.wynkAndroid.Test.ArtistTest">
    <skipped/>
  </testcase> <!-- @BeforeMethod beforeMethod -->
  <testcase name="@AfterMethod afterMethod" time="0.0" classname="com.bsb.wynkAndroid.Test.ArtistTest">
    <skipped/>
  </testcase> <!-- @AfterMethod afterMethod -->
  <testcase name="@BeforeMethod beforeMethod" time="0.0" classname="com.bsb.wynkAndroid.Test.ArtistTest">
    <skipped/>
  </testcase> <!-- @BeforeMethod beforeMethod -->
  <testcase name="@AfterMethod afterMethod" time="0.0" classname="com.bsb.wynkAndroid.Test.ArtistTest">
    <skipped/>
  </testcase> <!-- @AfterMethod afterMethod -->
  <testcase name="@BeforeMethod beforeMethod" time="0.0" classname="com.bsb.wynkAndroid.Test.ArtistTest">
    <skipped/>
  </testcase> <!-- @BeforeMethod beforeMethod -->
  <testcase name="@AfterMethod afterMethod" time="0.0" classname="com.bsb.wynkAndroid.Test.ArtistTest">
    <skipped/>
  </testcase> <!-- @AfterMethod afterMethod -->
  <testcase name="@BeforeMethod beforeMethod" time="0.0" classname="com.bsb.wynkAndroid.Test.ArtistTest">
    <skipped/>
  </testcase> <!-- @BeforeMethod beforeMethod -->
  <testcase name="@AfterMethod afterMethod" time="0.0" classname="com.bsb.wynkAndroid.Test.ArtistTest">
    <skipped/>
  </testcase> <!-- @AfterMethod afterMethod -->
  <testcase name="@BeforeMethod beforeMethod" time="0.0" classname="com.bsb.wynkAndroid.Test.ArtistTest">
    <skipped/>
  </testcase> <!-- @BeforeMethod beforeMethod -->
  <testcase name="@AfterMethod afterMethod" time="0.0" classname="com.bsb.wynkAndroid.Test.ArtistTest">
    <skipped/>
  </testcase> <!-- @AfterMethod afterMethod -->
  <testcase name="@AfterTest closeDriver" time="0.0" classname="com.bsb.wynkAndroid.Test.ArtistTest">
    <skipped/>
  </testcase> <!-- @AfterTest closeDriver -->
  <testcase name="validateTopSection" time="0.0" classname="com.bsb.wynkAndroid.Test.ArtistTest">
    <skipped/>
  </testcase> <!-- validateTopSection -->
  <testcase name="validateSearchSection" time="0.0" classname="com.bsb.wynkAndroid.Test.ArtistTest">
    <skipped/>
  </testcase> <!-- validateSearchSection -->
  <testcase name="validateSearchWithToggleDisabled" time="0.0" classname="com.bsb.wynkAndroid.Test.ArtistTest">
    <skipped/>
  </testcase> <!-- validateSearchWithToggleDisabled -->
  <testcase name="validateSearchWithToggleEnabled" time="0.0" classname="com.bsb.wynkAndroid.Test.ArtistTest">
    <skipped/>
  </testcase> <!-- validateSearchWithToggleEnabled -->
  <testcase name="validateOverFlowMenuItems" time="0.0" classname="com.bsb.wynkAndroid.Test.ArtistTest">
    <skipped/>
  </testcase> <!-- validateOverFlowMenuItems -->
  <testcase name="validateCuratedArtistPage" time="0.0" classname="com.bsb.wynkAndroid.Test.ArtistTest">
    <skipped/>
  </testcase> <!-- validateCuratedArtistPage -->
  <testcase name="validateNonCuratedArtistPage" time="0.0" classname="com.bsb.wynkAndroid.Test.ArtistTest">
    <skipped/>
  </testcase> <!-- validateNonCuratedArtistPage -->
  <testcase name="validateTopSongsStory" time="0.0" classname="com.bsb.wynkAndroid.Test.ArtistTest">
    <skipped/>
  </testcase> <!-- validateTopSongsStory -->
  <testcase name="validatePlayTopSongs" time="0.0" classname="com.bsb.wynkAndroid.Test.ArtistTest">
    <skipped/>
  </testcase> <!-- validatePlayTopSongs -->
  <testcase name="validateAlbumStory" time="0.0" classname="com.bsb.wynkAndroid.Test.ArtistTest">
    <skipped/>
  </testcase> <!-- validateAlbumStory -->
  <testcase name="validatePlaylistStory" time="0.0" classname="com.bsb.wynkAndroid.Test.ArtistTest">
    <skipped/>
  </testcase> <!-- validatePlaylistStory -->
  <testcase name="validateTwitterFeedSection" time="0.0" classname="com.bsb.wynkAndroid.Test.ArtistTest">
    <skipped/>
  </testcase> <!-- validateTwitterFeedSection -->
  <testcase name="validateBiographySection" time="0.0" classname="com.bsb.wynkAndroid.Test.ArtistTest">
    <skipped/>
  </testcase> <!-- validateBiographySection -->
  <testcase name="validateSocialMediaHandles" time="0.0" classname="com.bsb.wynkAndroid.Test.ArtistTest">
    <skipped/>
  </testcase> <!-- validateSocialMediaHandles -->
  <testcase name="validateFollowSectionOfArtist" time="0.0" classname="com.bsb.wynkAndroid.Test.ArtistTest">
    <skipped/>
  </testcase> <!-- validateFollowSectionOfArtist -->
  <testcase name="validateMyMusicSection" time="0.0" classname="com.bsb.wynkAndroid.Test.ArtistTest">
    <skipped/>
  </testcase> <!-- validateMyMusicSection -->
  <testcase name="initializeDriver" time="0.0" classname="com.bsb.wynkAndroid.Test.ArtistTest">
    <ignored/>
  </testcase> <!-- initializeDriver -->
</testsuite> <!-- ArtistTest -->
