<?xml version="1.0" encoding="UTF-8"?>
<!-- Generated by org.testng.reporters.JUnitXMLReporter -->
<testsuite hostname="LTA1TFLHGS-MAC.local" ignored="0" name="StreamingTest" tests="1" failures="0" timestamp="24 Jul 2018 05:54:27 GMT" time="0.885" errors="0">
  <testcase name="@BeforeTest launchApp" time="0.838" classname="com.bsb.wynkAndroid.Test.ArtistTest">
    <failure type="java.lang.NullPointerException">
      <![CDATA[java.lang.NullPointerException
at com.bsb.wynkAndroid.Test.ArtistTest.launchApp(ArtistTest.java:61)
... Removed 24 stack frames]]>
    </failure>
  </testcase> <!-- @BeforeTest launchApp -->
  <testcase name="@BeforeMethod beforeMethod" time="0.0" classname="com.bsb.wynkAndroid.Test.ArtistTest">
    <skipped/>
  </testcase> <!-- @BeforeMethod beforeMethod -->
  <testcase name="@AfterMethod afterMethod" time="0.0" classname="com.bsb.wynkAndroid.Test.ArtistTest">
    <skipped/>
  </testcase> <!-- @AfterMethod afterMethod -->
  <testcase name="@AfterTest closeDriver" time="0.0" classname="com.bsb.wynkAndroid.Test.ArtistTest">
    <skipped/>
  </testcase> <!-- @AfterTest closeDriver -->
  <testcase name="topSection" time="0.0" classname="com.bsb.wynkAndroid.Test.ArtistTest">
    <skipped/>
  </testcase> <!-- topSection -->
</testsuite> <!-- StreamingTest -->
