<?xml version="1.0" encoding="UTF-8"?>
<!-- Generated by org.testng.reporters.JUnitXMLReporter -->
<testsuite hostname="LTA1TFLHGS-MAC.local" ignored="1" name="Homescreen" tests="7" failures="0" timestamp="08 Mar 2019 08:59:39 GMT" time="17.028" errors="0">
  <testcase name="@BeforeMethod beforeMethod" time="1.81" classname="com.bsb.wynkAndroid.Stats.HomescreenStats">
    <failure type="java.io.FileNotFoundException" message="/Users/a1tflhgs/Documents/android-music-automation/src/main/resources/EventStats.xlsx (No such file or directory)">
      <![CDATA[java.io.FileNotFoundException: /Users/a1tflhgs/Documents/android-music-automation/src/main/resources/EventStats.xlsx (No such file or directory)
at java.io.FileInputStream.open0(Native Method)
at java.io.FileInputStream.open(FileInputStream.java:195)
at java.io.FileInputStream.<init>(FileInputStream.java:138)
at com.bsb.wynkAndroid.Common.CommonFunctions.clearAllDifferenceColumn(CommonFunctions.java:102)
at com.bsb.wynkAndroid.Stats.HomescreenStats.beforeMethod(HomescreenStats.java:124)
at java.util.concurrent.FutureTask.run(FutureTask.java:266)
at java.util.concurrent.ThreadPoolExecutor.runWorker(ThreadPoolExecutor.java:1149)
at java.util.concurrent.ThreadPoolExecutor$Worker.run(ThreadPoolExecutor.java:624)
at java.lang.Thread.run(Thread.java:748)
... Removed 19 stack frames]]>
    </failure>
  </testcase> <!-- @BeforeMethod beforeMethod -->
  <testcase name="@AfterMethod afterMethod" time="0.0" classname="com.bsb.wynkAndroid.Stats.HomescreenStats">
    <skipped/>
  </testcase> <!-- @AfterMethod afterMethod -->
  <testcase name="@BeforeMethod beforeMethod" time="0.0" classname="com.bsb.wynkAndroid.Stats.HomescreenStats">
    <skipped/>
  </testcase> <!-- @BeforeMethod beforeMethod -->
  <testcase name="@AfterMethod afterMethod" time="0.0" classname="com.bsb.wynkAndroid.Stats.HomescreenStats">
    <skipped/>
  </testcase> <!-- @AfterMethod afterMethod -->
  <testcase name="@BeforeMethod beforeMethod" time="0.0" classname="com.bsb.wynkAndroid.Stats.HomescreenStats">
    <skipped/>
  </testcase> <!-- @BeforeMethod beforeMethod -->
  <testcase name="@AfterMethod afterMethod" time="0.0" classname="com.bsb.wynkAndroid.Stats.HomescreenStats">
    <skipped/>
  </testcase> <!-- @AfterMethod afterMethod -->
  <testcase name="@BeforeMethod beforeMethod" time="0.0" classname="com.bsb.wynkAndroid.Stats.HomescreenStats">
    <skipped/>
  </testcase> <!-- @BeforeMethod beforeMethod -->
  <testcase name="@AfterMethod afterMethod" time="0.0" classname="com.bsb.wynkAndroid.Stats.HomescreenStats">
    <skipped/>
  </testcase> <!-- @AfterMethod afterMethod -->
  <testcase name="@BeforeMethod beforeMethod" time="0.0" classname="com.bsb.wynkAndroid.Stats.HomescreenStats">
    <skipped/>
  </testcase> <!-- @BeforeMethod beforeMethod -->
  <testcase name="@AfterMethod afterMethod" time="0.0" classname="com.bsb.wynkAndroid.Stats.HomescreenStats">
    <skipped/>
  </testcase> <!-- @AfterMethod afterMethod -->
  <testcase name="@BeforeMethod beforeMethod" time="0.0" classname="com.bsb.wynkAndroid.Stats.HomescreenStats">
    <skipped/>
  </testcase> <!-- @BeforeMethod beforeMethod -->
  <testcase name="@AfterMethod afterMethod" time="0.0" classname="com.bsb.wynkAndroid.Stats.HomescreenStats">
    <skipped/>
  </testcase> <!-- @AfterMethod afterMethod -->
  <testcase name="@BeforeMethod beforeMethod" time="0.0" classname="com.bsb.wynkAndroid.Stats.HomescreenStats">
    <skipped/>
  </testcase> <!-- @BeforeMethod beforeMethod -->
  <testcase name="@AfterMethod afterMethod" time="0.0" classname="com.bsb.wynkAndroid.Stats.HomescreenStats">
    <skipped/>
  </testcase> <!-- @AfterMethod afterMethod -->
  <testcase name="@AfterTest closeDriver" time="0.0" classname="com.bsb.wynkAndroid.Stats.HomescreenStats">
    <skipped/>
  </testcase> <!-- @AfterTest closeDriver -->
  <testcase name="validateHomescreenStats" time="0.0" classname="com.bsb.wynkAndroid.Stats.HomescreenStats">
    <skipped/>
  </testcase> <!-- validateHomescreenStats -->
  <testcase name="validateCardsStatsOnHomescreen" time="0.0" classname="com.bsb.wynkAndroid.Stats.HomescreenStats">
    <skipped/>
  </testcase> <!-- validateCardsStatsOnHomescreen -->
  <testcase name="validateHamburgerMenuStats" time="0.0" classname="com.bsb.wynkAndroid.Stats.HomescreenStats">
    <skipped/>
  </testcase> <!-- validateHamburgerMenuStats -->
  <testcase name="validateBottomNavigationBarSwitchStats" time="0.0" classname="com.bsb.wynkAndroid.Stats.HomescreenStats">
    <skipped/>
  </testcase> <!-- validateBottomNavigationBarSwitchStats -->
  <testcase name="validateMiniPlayerOnHomescreenStats" time="0.0" classname="com.bsb.wynkAndroid.Stats.HomescreenStats">
    <skipped/>
  </testcase> <!-- validateMiniPlayerOnHomescreenStats -->
  <testcase name="validateRadioAndFollowStats" time="0.0" classname="com.bsb.wynkAndroid.Stats.HomescreenStats">
    <skipped/>
  </testcase> <!-- validateRadioAndFollowStats -->
  <testcase name="validateDSMNOfflineStats" time="0.0" classname="com.bsb.wynkAndroid.Stats.HomescreenStats">
    <skipped/>
  </testcase> <!-- validateDSMNOfflineStats -->
  <testcase name="startStats_v2" time="0.0" classname="com.bsb.wynkAndroid.Stats.HomescreenStats">
    <ignored/>
  </testcase> <!-- startStats_v2 -->
</testsuite> <!-- Homescreen -->
