<?xml version="1.0" encoding="UTF-8"?>
<!-- Generated by org.testng.reporters.JUnitXMLReporter -->
<testsuite hostname="LTA1TFLHGS-MAC.local" ignored="3" name="QueueTest" tests="10" failures="0" timestamp="12 Sep 2018 13:02:56 GMT" time="1.076" errors="0">
  <testcase name="@BeforeClass launchApp" time="0.897" classname="com.bsb.wynkAndroid.Test.QueueTest">
    <failure type="java.lang.NullPointerException">
      <![CDATA[java.lang.NullPointerException
at com.bsb.wynkAndroid.Test.QueueTest.launchApp(QueueTest.java:124)
at java.util.concurrent.FutureTask.run(FutureTask.java:266)
at java.util.concurrent.ThreadPoolExecutor.runWorker(ThreadPoolExecutor.java:1149)
at java.util.concurrent.ThreadPoolExecutor$Worker.run(ThreadPoolExecutor.java:624)
at java.lang.Thread.run(Thread.java:748)
... Removed 17 stack frames]]>
    </failure>
  </testcase> <!-- @BeforeClass launchApp -->
  <testcase name="@BeforeMethod beforeMethod" time="0.0" classname="com.bsb.wynkAndroid.Test.QueueTest">
    <skipped/>
  </testcase> <!-- @BeforeMethod beforeMethod -->
  <testcase name="@AfterMethod afterMethod" time="0.0" classname="com.bsb.wynkAndroid.Test.QueueTest">
    <skipped/>
  </testcase> <!-- @AfterMethod afterMethod -->
  <testcase name="@BeforeMethod beforeMethod" time="0.0" classname="com.bsb.wynkAndroid.Test.QueueTest">
    <skipped/>
  </testcase> <!-- @BeforeMethod beforeMethod -->
  <testcase name="@AfterMethod afterMethod" time="0.0" classname="com.bsb.wynkAndroid.Test.QueueTest">
    <skipped/>
  </testcase> <!-- @AfterMethod afterMethod -->
  <testcase name="@BeforeMethod beforeMethod" time="0.0" classname="com.bsb.wynkAndroid.Test.QueueTest">
    <skipped/>
  </testcase> <!-- @BeforeMethod beforeMethod -->
  <testcase name="@AfterMethod afterMethod" time="0.0" classname="com.bsb.wynkAndroid.Test.QueueTest">
    <skipped/>
  </testcase> <!-- @AfterMethod afterMethod -->
  <testcase name="@BeforeMethod beforeMethod" time="0.0" classname="com.bsb.wynkAndroid.Test.QueueTest">
    <skipped/>
  </testcase> <!-- @BeforeMethod beforeMethod -->
  <testcase name="@AfterMethod afterMethod" time="0.0" classname="com.bsb.wynkAndroid.Test.QueueTest">
    <skipped/>
  </testcase> <!-- @AfterMethod afterMethod -->
  <testcase name="@BeforeMethod beforeMethod" time="0.0" classname="com.bsb.wynkAndroid.Test.QueueTest">
    <skipped/>
  </testcase> <!-- @BeforeMethod beforeMethod -->
  <testcase name="@AfterMethod afterMethod" time="0.0" classname="com.bsb.wynkAndroid.Test.QueueTest">
    <skipped/>
  </testcase> <!-- @AfterMethod afterMethod -->
  <testcase name="@BeforeMethod beforeMethod" time="0.0" classname="com.bsb.wynkAndroid.Test.QueueTest">
    <skipped/>
  </testcase> <!-- @BeforeMethod beforeMethod -->
  <testcase name="@AfterMethod afterMethod" time="0.0" classname="com.bsb.wynkAndroid.Test.QueueTest">
    <skipped/>
  </testcase> <!-- @AfterMethod afterMethod -->
  <testcase name="@BeforeMethod beforeMethod" time="0.0" classname="com.bsb.wynkAndroid.Test.QueueTest">
    <skipped/>
  </testcase> <!-- @BeforeMethod beforeMethod -->
  <testcase name="@AfterMethod afterMethod" time="0.0" classname="com.bsb.wynkAndroid.Test.QueueTest">
    <skipped/>
  </testcase> <!-- @AfterMethod afterMethod -->
  <testcase name="@BeforeMethod beforeMethod" time="0.0" classname="com.bsb.wynkAndroid.Test.QueueTest">
    <skipped/>
  </testcase> <!-- @BeforeMethod beforeMethod -->
  <testcase name="@AfterMethod afterMethod" time="0.0" classname="com.bsb.wynkAndroid.Test.QueueTest">
    <skipped/>
  </testcase> <!-- @AfterMethod afterMethod -->
  <testcase name="@BeforeMethod beforeMethod" time="0.0" classname="com.bsb.wynkAndroid.Test.QueueTest">
    <skipped/>
  </testcase> <!-- @BeforeMethod beforeMethod -->
  <testcase name="@AfterMethod afterMethod" time="0.0" classname="com.bsb.wynkAndroid.Test.QueueTest">
    <skipped/>
  </testcase> <!-- @AfterMethod afterMethod -->
  <testcase name="@BeforeMethod beforeMethod" time="0.0" classname="com.bsb.wynkAndroid.Test.QueueTest">
    <skipped/>
  </testcase> <!-- @BeforeMethod beforeMethod -->
  <testcase name="@AfterMethod afterMethod" time="0.0" classname="com.bsb.wynkAndroid.Test.QueueTest">
    <skipped/>
  </testcase> <!-- @AfterMethod afterMethod -->
  <testcase name="@AfterTest closeDriver" time="0.0" classname="com.bsb.wynkAndroid.Test.QueueTest">
    <skipped/>
  </testcase> <!-- @AfterTest closeDriver -->
  <testcase name="validateSongToPlaylist" time="0.0" classname="com.bsb.wynkAndroid.Test.QueueTest">
    <skipped/>
  </testcase> <!-- validateSongToPlaylist -->
  <testcase name="validateAddSongsToNewPlaylist" time="0.0" classname="com.bsb.wynkAndroid.Test.QueueTest">
    <skipped/>
  </testcase> <!-- validateAddSongsToNewPlaylist -->
  <testcase name="validateMultiplePlayListInQueue" time="0.0" classname="com.bsb.wynkAndroid.Test.QueueTest">
    <skipped/>
  </testcase> <!-- validateMultiplePlayListInQueue -->
  <testcase name="validateShuffle" time="0.0" classname="com.bsb.wynkAndroid.Test.QueueTest">
    <skipped/>
  </testcase> <!-- validateShuffle -->
  <testcase name="validateQueueHeader" time="0.0" classname="com.bsb.wynkAndroid.Test.QueueTest">
    <skipped/>
  </testcase> <!-- validateQueueHeader -->
  <testcase name="validatePlayMorethan500songs" time="0.0" classname="com.bsb.wynkAndroid.Test.QueueTest">
    <skipped/>
  </testcase> <!-- validatePlayMorethan500songs -->
  <testcase name="validateQueueHeaderOnScroll" time="0.0" classname="com.bsb.wynkAndroid.Test.QueueTest">
    <skipped/>
  </testcase> <!-- validateQueueHeaderOnScroll -->
  <testcase name="validateRemoveSongFromQueue" time="0.0" classname="com.bsb.wynkAndroid.Test.QueueTest">
    <skipped/>
  </testcase> <!-- validateRemoveSongFromQueue -->
  <testcase name="validatePlayerNotificationControls" time="0.0" classname="com.bsb.wynkAndroid.Test.QueueTest">
    <skipped/>
  </testcase> <!-- validatePlayerNotificationControls -->
  <testcase name="validateLockScreenControls" time="0.0" classname="com.bsb.wynkAndroid.Test.QueueTest">
    <skipped/>
  </testcase> <!-- validateLockScreenControls -->
  <testcase name="undoRemovalSongFromQueue" time="0.0" classname="com.bsb.wynkAndroid.Test.QueueTest">
    <ignored/>
  </testcase> <!-- undoRemovalSongFromQueue -->
  <testcase name="confirmRemovalSongFromQueue" time="0.0" classname="com.bsb.wynkAndroid.Test.QueueTest">
    <ignored/>
  </testcase> <!-- confirmRemovalSongFromQueue -->
  <testcase name="songToPlaylistStats" time="0.0" classname="com.bsb.wynkAndroid.Test.QueueTest">
    <ignored/>
  </testcase> <!-- songToPlaylistStats -->
</testsuite> <!-- QueueTest -->
