<?xml version="1.0" encoding="UTF-8"?>
<!-- Generated by org.testng.reporters.JUnitXMLReporter -->
<testsuite hostname="LTA1TFLHGS-MAC.local" ignored="13" name="HomescreenTest" tests="1" failures="0" timestamp="22 Nov 2018 06:33:58 GMT" time="199.258" errors="0">
  <testcase name="validateFollowdArtistRail" time="92.22" classname="com.bsb.wynkAndroid.Test.HomescreenTest"/>
  <testcase name="validateMoodsRail" time="0.0" classname="com.bsb.wynkAndroid.Test.HomescreenTest">
    <ignored/>
  </testcase> <!-- validateMoodsRail -->
  <testcase name="validateOrderOfRails" time="0.0" classname="com.bsb.wynkAndroid.Test.HomescreenTest">
    <ignored/>
  </testcase> <!-- validateOrderOfRails -->
  <testcase name="validateLatestLangSection" time="0.0" classname="com.bsb.wynkAndroid.Test.HomescreenTest">
    <ignored/>
  </testcase> <!-- validateLatestLangSection -->
  <testcase name="commonApiResponseUsed" time="0.0" classname="com.bsb.wynkAndroid.Test.HomescreenTest">
    <ignored/>
  </testcase> <!-- commonApiResponseUsed -->
  <testcase name="validateArtistsRail" time="0.0" classname="com.bsb.wynkAndroid.Test.HomescreenTest">
    <ignored/>
  </testcase> <!-- validateArtistsRail -->
  <testcase name="validateMusicLangCard" time="0.0" classname="com.bsb.wynkAndroid.Test.HomescreenTest">
    <ignored/>
  </testcase> <!-- validateMusicLangCard -->
  <testcase name="validateRecommendedPlaylists" time="0.0" classname="com.bsb.wynkAndroid.Test.HomescreenTest">
    <ignored/>
  </testcase> <!-- validateRecommendedPlaylists -->
  <testcase name="validatePlaylistRail" time="0.0" classname="com.bsb.wynkAndroid.Test.HomescreenTest">
    <ignored/>
  </testcase> <!-- validatePlaylistRail -->
  <testcase name="validateRecommendedSongs" time="0.0" classname="com.bsb.wynkAndroid.Test.HomescreenTest">
    <ignored/>
  </testcase> <!-- validateRecommendedSongs -->
  <testcase name="initializeDriver" time="0.0" classname="com.bsb.wynkAndroid.Test.HomescreenTest">
    <ignored/>
  </testcase> <!-- initializeDriver -->
  <testcase name="validateClickOnMoreOfRails" time="0.0" classname="com.bsb.wynkAndroid.Test.HomescreenTest">
    <ignored/>
  </testcase> <!-- validateClickOnMoreOfRails -->
  <testcase name="validateAlbumsRail" time="0.0" classname="com.bsb.wynkAndroid.Test.HomescreenTest">
    <ignored/>
  </testcase> <!-- validateAlbumsRail -->
  <testcase name="validateSinglesRail" time="0.0" classname="com.bsb.wynkAndroid.Test.HomescreenTest">
    <ignored/>
  </testcase> <!-- validateSinglesRail -->
</testsuite> <!-- HomescreenTest -->
