<?xml version="1.0" encoding="UTF-8"?>
<!-- Generated by org.testng.reporters.JUnitXMLReporter -->
<testsuite hostname="LTA1TFLHGS-MAC.local" ignored="0" name="AppLaunchTest" tests="2" failures="0" timestamp="26 Jul 2018 09:42:53 GMT" time="0.349" errors="0">
  <testcase name="@BeforeTest launchApp" time="0.335" classname="com.bsb.wynkAndroid.Test.AppLaunchTest">
    <failure type="java.lang.NullPointerException">
      <![CDATA[java.lang.NullPointerException
at com.bsb.wynkAndroid.Test.AppLaunchTest.launchApp(AppLaunchTest.java:110)
at java.util.concurrent.FutureTask.run(FutureTask.java:266)
at java.util.concurrent.ThreadPoolExecutor.runWorker(ThreadPoolExecutor.java:1149)
at java.util.concurrent.ThreadPoolExecutor$Worker.run(ThreadPoolExecutor.java:624)
at java.lang.Thread.run(Thread.java:748)
... Removed 15 stack frames]]>
    </failure>
  </testcase> <!-- @BeforeTest launchApp -->
  <testcase name="@BeforeMethod beforeMethod" time="0.0" classname="com.bsb.wynkAndroid.Test.AppLaunchTest">
    <skipped/>
  </testcase> <!-- @BeforeMethod beforeMethod -->
  <testcase name="@AfterMethod afterMethod" time="0.0" classname="com.bsb.wynkAndroid.Test.AppLaunchTest">
    <skipped/>
  </testcase> <!-- @AfterMethod afterMethod -->
  <testcase name="@BeforeMethod beforeMethod" time="0.0" classname="com.bsb.wynkAndroid.Test.AppLaunchTest">
    <skipped/>
  </testcase> <!-- @BeforeMethod beforeMethod -->
  <testcase name="@AfterMethod afterMethod" time="0.0" classname="com.bsb.wynkAndroid.Test.AppLaunchTest">
    <skipped/>
  </testcase> <!-- @AfterMethod afterMethod -->
  <testcase name="@AfterTest closeDriver" time="0.0" classname="com.bsb.wynkAndroid.Test.AppLaunchTest">
    <skipped/>
  </testcase> <!-- @AfterTest closeDriver -->
  <testcase name="validateSplashScreen" time="0.0" classname="com.bsb.wynkAndroid.Test.AppLaunchTest">
    <skipped/>
  </testcase> <!-- validateSplashScreen -->
  <testcase name="validatePermissions" time="0.0" classname="com.bsb.wynkAndroid.Test.AppLaunchTest">
    <skipped/>
  </testcase> <!-- validatePermissions -->
</testsuite> <!-- AppLaunchTest -->
