<?xml version="1.0" encoding="UTF-8"?>
<!-- Generated by org.testng.reporters.JUnitXMLReporter -->
<testsuite hostname="LTA1TFLHGS-MAC.local" ignored="11" name="Download Song" tests="21" failures="0" timestamp="26 Jul 2018 09:42:52 GMT" time="0.451" errors="0">
  <testcase name="@BeforeTest launchApp" time="0.347" classname="com.bsb.wynkAndroid.Test.DownloadSongsTest">
    <failure type="java.lang.NullPointerException">
      <![CDATA[java.lang.NullPointerException
at com.bsb.wynkAndroid.Test.DownloadSongsTest.launchApp(DownloadSongsTest.java:132)
at java.util.concurrent.FutureTask.run(FutureTask.java:266)
at java.util.concurrent.ThreadPoolExecutor.runWorker(ThreadPoolExecutor.java:1149)
at java.util.concurrent.ThreadPoolExecutor$Worker.run(ThreadPoolExecutor.java:624)
at java.lang.Thread.run(Thread.java:748)
... Removed 15 stack frames]]>
    </failure>
  </testcase> <!-- @BeforeTest launchApp -->
  <testcase name="@BeforeMethod beforeMethod" time="0.0" classname="com.bsb.wynkAndroid.Test.DownloadSongsTest">
    <skipped/>
  </testcase> <!-- @BeforeMethod beforeMethod -->
  <testcase name="@AfterMethod afterMethod" time="0.0" classname="com.bsb.wynkAndroid.Test.DownloadSongsTest">
    <skipped/>
  </testcase> <!-- @AfterMethod afterMethod -->
  <testcase name="@BeforeMethod beforeMethod" time="0.0" classname="com.bsb.wynkAndroid.Test.DownloadSongsTest">
    <skipped/>
  </testcase> <!-- @BeforeMethod beforeMethod -->
  <testcase name="@AfterMethod afterMethod" time="0.0" classname="com.bsb.wynkAndroid.Test.DownloadSongsTest">
    <skipped/>
  </testcase> <!-- @AfterMethod afterMethod -->
  <testcase name="@BeforeMethod beforeMethod" time="0.0" classname="com.bsb.wynkAndroid.Test.DownloadSongsTest">
    <skipped/>
  </testcase> <!-- @BeforeMethod beforeMethod -->
  <testcase name="@AfterMethod afterMethod" time="0.0" classname="com.bsb.wynkAndroid.Test.DownloadSongsTest">
    <skipped/>
  </testcase> <!-- @AfterMethod afterMethod -->
  <testcase name="@BeforeMethod beforeMethod" time="0.0" classname="com.bsb.wynkAndroid.Test.DownloadSongsTest">
    <skipped/>
  </testcase> <!-- @BeforeMethod beforeMethod -->
  <testcase name="@AfterMethod afterMethod" time="0.0" classname="com.bsb.wynkAndroid.Test.DownloadSongsTest">
    <skipped/>
  </testcase> <!-- @AfterMethod afterMethod -->
  <testcase name="@BeforeMethod beforeMethod" time="0.0" classname="com.bsb.wynkAndroid.Test.DownloadSongsTest">
    <skipped/>
  </testcase> <!-- @BeforeMethod beforeMethod -->
  <testcase name="@AfterMethod afterMethod" time="0.0" classname="com.bsb.wynkAndroid.Test.DownloadSongsTest">
    <skipped/>
  </testcase> <!-- @AfterMethod afterMethod -->
  <testcase name="@BeforeMethod beforeMethod" time="0.0" classname="com.bsb.wynkAndroid.Test.DownloadSongsTest">
    <skipped/>
  </testcase> <!-- @BeforeMethod beforeMethod -->
  <testcase name="@AfterMethod afterMethod" time="0.0" classname="com.bsb.wynkAndroid.Test.DownloadSongsTest">
    <skipped/>
  </testcase> <!-- @AfterMethod afterMethod -->
  <testcase name="@BeforeMethod beforeMethod" time="0.0" classname="com.bsb.wynkAndroid.Test.DownloadSongsTest">
    <skipped/>
  </testcase> <!-- @BeforeMethod beforeMethod -->
  <testcase name="@AfterMethod afterMethod" time="0.0" classname="com.bsb.wynkAndroid.Test.DownloadSongsTest">
    <skipped/>
  </testcase> <!-- @AfterMethod afterMethod -->
  <testcase name="@BeforeMethod beforeMethod" time="0.0" classname="com.bsb.wynkAndroid.Test.DownloadSongsTest">
    <skipped/>
  </testcase> <!-- @BeforeMethod beforeMethod -->
  <testcase name="@AfterMethod afterMethod" time="0.0" classname="com.bsb.wynkAndroid.Test.DownloadSongsTest">
    <skipped/>
  </testcase> <!-- @AfterMethod afterMethod -->
  <testcase name="@BeforeMethod beforeMethod" time="0.0" classname="com.bsb.wynkAndroid.Test.DownloadSongsTest">
    <skipped/>
  </testcase> <!-- @BeforeMethod beforeMethod -->
  <testcase name="@AfterMethod afterMethod" time="0.0" classname="com.bsb.wynkAndroid.Test.DownloadSongsTest">
    <skipped/>
  </testcase> <!-- @AfterMethod afterMethod -->
  <testcase name="@BeforeMethod beforeMethod" time="0.0" classname="com.bsb.wynkAndroid.Test.DownloadSongsTest">
    <skipped/>
  </testcase> <!-- @BeforeMethod beforeMethod -->
  <testcase name="@AfterMethod afterMethod" time="0.0" classname="com.bsb.wynkAndroid.Test.DownloadSongsTest">
    <skipped/>
  </testcase> <!-- @AfterMethod afterMethod -->
  <testcase name="@BeforeMethod beforeMethod" time="0.0" classname="com.bsb.wynkAndroid.Test.DownloadSongsTest">
    <skipped/>
  </testcase> <!-- @BeforeMethod beforeMethod -->
  <testcase name="@AfterMethod afterMethod" time="0.0" classname="com.bsb.wynkAndroid.Test.DownloadSongsTest">
    <skipped/>
  </testcase> <!-- @AfterMethod afterMethod -->
  <testcase name="@BeforeMethod beforeMethod" time="0.0" classname="com.bsb.wynkAndroid.Test.DownloadSongsTest">
    <skipped/>
  </testcase> <!-- @BeforeMethod beforeMethod -->
  <testcase name="@AfterMethod afterMethod" time="0.0" classname="com.bsb.wynkAndroid.Test.DownloadSongsTest">
    <skipped/>
  </testcase> <!-- @AfterMethod afterMethod -->
  <testcase name="@BeforeMethod beforeMethod" time="0.0" classname="com.bsb.wynkAndroid.Test.DownloadSongsTest">
    <skipped/>
  </testcase> <!-- @BeforeMethod beforeMethod -->
  <testcase name="@AfterMethod afterMethod" time="0.0" classname="com.bsb.wynkAndroid.Test.DownloadSongsTest">
    <skipped/>
  </testcase> <!-- @AfterMethod afterMethod -->
  <testcase name="@BeforeMethod beforeMethod" time="0.0" classname="com.bsb.wynkAndroid.Test.DownloadSongsTest">
    <skipped/>
  </testcase> <!-- @BeforeMethod beforeMethod -->
  <testcase name="@AfterMethod afterMethod" time="0.0" classname="com.bsb.wynkAndroid.Test.DownloadSongsTest">
    <skipped/>
  </testcase> <!-- @AfterMethod afterMethod -->
  <testcase name="@BeforeMethod beforeMethod" time="0.0" classname="com.bsb.wynkAndroid.Test.DownloadSongsTest">
    <skipped/>
  </testcase> <!-- @BeforeMethod beforeMethod -->
  <testcase name="@AfterMethod afterMethod" time="0.0" classname="com.bsb.wynkAndroid.Test.DownloadSongsTest">
    <skipped/>
  </testcase> <!-- @AfterMethod afterMethod -->
  <testcase name="@BeforeMethod beforeMethod" time="0.0" classname="com.bsb.wynkAndroid.Test.DownloadSongsTest">
    <skipped/>
  </testcase> <!-- @BeforeMethod beforeMethod -->
  <testcase name="@AfterMethod afterMethod" time="0.0" classname="com.bsb.wynkAndroid.Test.DownloadSongsTest">
    <skipped/>
  </testcase> <!-- @AfterMethod afterMethod -->
  <testcase name="@BeforeMethod beforeMethod" time="0.0" classname="com.bsb.wynkAndroid.Test.DownloadSongsTest">
    <skipped/>
  </testcase> <!-- @BeforeMethod beforeMethod -->
  <testcase name="@AfterMethod afterMethod" time="0.0" classname="com.bsb.wynkAndroid.Test.DownloadSongsTest">
    <skipped/>
  </testcase> <!-- @AfterMethod afterMethod -->
  <testcase name="@BeforeMethod beforeMethod" time="0.0" classname="com.bsb.wynkAndroid.Test.DownloadSongsTest">
    <skipped/>
  </testcase> <!-- @BeforeMethod beforeMethod -->
  <testcase name="@AfterMethod afterMethod" time="0.0" classname="com.bsb.wynkAndroid.Test.DownloadSongsTest">
    <skipped/>
  </testcase> <!-- @AfterMethod afterMethod -->
  <testcase name="@BeforeMethod beforeMethod" time="0.0" classname="com.bsb.wynkAndroid.Test.DownloadSongsTest">
    <skipped/>
  </testcase> <!-- @BeforeMethod beforeMethod -->
  <testcase name="@AfterMethod afterMethod" time="0.0" classname="com.bsb.wynkAndroid.Test.DownloadSongsTest">
    <skipped/>
  </testcase> <!-- @AfterMethod afterMethod -->
  <testcase name="@BeforeMethod beforeMethod" time="0.0" classname="com.bsb.wynkAndroid.Test.DownloadSongsTest">
    <skipped/>
  </testcase> <!-- @BeforeMethod beforeMethod -->
  <testcase name="@AfterMethod afterMethod" time="0.0" classname="com.bsb.wynkAndroid.Test.DownloadSongsTest">
    <skipped/>
  </testcase> <!-- @AfterMethod afterMethod -->
  <testcase name="@BeforeMethod beforeMethod" time="0.0" classname="com.bsb.wynkAndroid.Test.DownloadSongsTest">
    <skipped/>
  </testcase> <!-- @BeforeMethod beforeMethod -->
  <testcase name="@AfterMethod afterMethod" time="0.0" classname="com.bsb.wynkAndroid.Test.DownloadSongsTest">
    <skipped/>
  </testcase> <!-- @AfterMethod afterMethod -->
  <testcase name="downloadAllSongsOfPlayList" time="0.0" classname="com.bsb.wynkAndroid.Test.DownloadSongsTest">
    <skipped/>
  </testcase> <!-- downloadAllSongsOfPlayList -->
  <testcase name="stopDownload" time="0.0" classname="com.bsb.wynkAndroid.Test.DownloadSongsTest">
    <skipped/>
  </testcase> <!-- stopDownload -->
  <testcase name="redownload" time="0.0" classname="com.bsb.wynkAndroid.Test.DownloadSongsTest">
    <skipped/>
  </testcase> <!-- redownload -->
  <testcase name="redownloadHigh" time="0.0" classname="com.bsb.wynkAndroid.Test.DownloadSongsTest">
    <skipped/>
  </testcase> <!-- redownloadHigh -->
  <testcase name="redownloadMedium" time="0.0" classname="com.bsb.wynkAndroid.Test.DownloadSongsTest">
    <skipped/>
  </testcase> <!-- redownloadMedium -->
  <testcase name="redownloadHD" time="0.0" classname="com.bsb.wynkAndroid.Test.DownloadSongsTest">
    <skipped/>
  </testcase> <!-- redownloadHD -->
  <testcase name="downloadFromArtist" time="0.0" classname="com.bsb.wynkAndroid.Test.DownloadSongsTest">
    <skipped/>
  </testcase> <!-- downloadFromArtist -->
  <testcase name="downloadUnfinishedSongs" time="0.0" classname="com.bsb.wynkAndroid.Test.DownloadSongsTest">
    <skipped/>
  </testcase> <!-- downloadUnfinishedSongs -->
  <testcase name="downloadSingleSongOfPlayList" time="0.0" classname="com.bsb.wynkAndroid.Test.DownloadSongsTest">
    <skipped/>
  </testcase> <!-- downloadSingleSongOfPlayList -->
  <testcase name="downloadFromAlbum" time="0.0" classname="com.bsb.wynkAndroid.Test.DownloadSongsTest">
    <skipped/>
  </testcase> <!-- downloadFromAlbum -->
  <testcase name="downloadAllFromAlbum" time="0.0" classname="com.bsb.wynkAndroid.Test.DownloadSongsTest">
    <skipped/>
  </testcase> <!-- downloadAllFromAlbum -->
  <testcase name="downloadOneSongOfFollowedPlayList" time="0.0" classname="com.bsb.wynkAndroid.Test.DownloadSongsTest">
    <skipped/>
  </testcase> <!-- downloadOneSongOfFollowedPlayList -->
  <testcase name="downloadAllSongFollowedPlayList" time="0.0" classname="com.bsb.wynkAndroid.Test.DownloadSongsTest">
    <skipped/>
  </testcase> <!-- downloadAllSongFollowedPlayList -->
  <testcase name="offlineMusic" time="0.0" classname="com.bsb.wynkAndroid.Test.DownloadSongsTest">
    <skipped/>
  </testcase> <!-- offlineMusic -->
  <testcase name="errorState" time="0.0" classname="com.bsb.wynkAndroid.Test.DownloadSongsTest">
    <skipped/>
  </testcase> <!-- errorState -->
  <testcase name="downloadAllFromArtist" time="0.0" classname="com.bsb.wynkAndroid.Test.DownloadSongsTest">
    <skipped/>
  </testcase> <!-- downloadAllFromArtist -->
  <testcase name="validateDownloadForUnregisteredUser" time="0.0" classname="com.bsb.wynkAndroid.Test.DownloadSongsTest">
    <skipped/>
  </testcase> <!-- validateDownloadForUnregisteredUser -->
  <testcase name="downloadUnRegisteredUserArtist" time="0.0" classname="com.bsb.wynkAndroid.Test.DownloadSongsTest">
    <skipped/>
  </testcase> <!-- downloadUnRegisteredUserArtist -->
  <testcase name="downloadUnRegisteredUserAlbum" time="0.0" classname="com.bsb.wynkAndroid.Test.DownloadSongsTest">
    <skipped/>
  </testcase> <!-- downloadUnRegisteredUserAlbum -->
  <testcase name="downloadUnRegisteredPlayer" time="0.0" classname="com.bsb.wynkAndroid.Test.DownloadSongsTest">
    <skipped/>
  </testcase> <!-- downloadUnRegisteredPlayer -->
  <testcase name="downloadUnRegisteredSearch" time="0.0" classname="com.bsb.wynkAndroid.Test.DownloadSongsTest">
    <skipped/>
  </testcase> <!-- downloadUnRegisteredSearch -->
  <testcase name="downloadOn2G" time="0.0" classname="com.bsb.wynkAndroid.Test.DownloadSongsTest">
    <ignored/>
  </testcase> <!-- downloadOn2G -->
  <testcase name="deleteDownloadedSong" time="0.0" classname="com.bsb.wynkAndroid.Test.DownloadSongsTest">
    <ignored/>
  </testcase> <!-- deleteDownloadedSong -->
  <testcase name="downloadOneSongFollowedPlayList" time="0.0" classname="com.bsb.wynkAndroid.Test.DownloadSongsTest">
    <ignored/>
  </testcase> <!-- downloadOneSongFollowedPlayList -->
  <testcase name="downloadOn4G" time="0.0" classname="com.bsb.wynkAndroid.Test.DownloadSongsTest">
    <ignored/>
  </testcase> <!-- downloadOn4G -->
  <testcase name="localMP3" time="0.0" classname="com.bsb.wynkAndroid.Test.DownloadSongsTest">
    <ignored/>
  </testcase> <!-- localMP3 -->
  <testcase name="allStatsCheck" time="0.0" classname="com.bsb.wynkAndroid.Test.DownloadSongsTest">
    <ignored/>
  </testcase> <!-- allStatsCheck -->
  <testcase name="downloadOn3G" time="0.0" classname="com.bsb.wynkAndroid.Test.DownloadSongsTest">
    <ignored/>
  </testcase> <!-- downloadOn3G -->
  <testcase name="downloadAllSongsOfPlayList500Songs" time="0.0" classname="com.bsb.wynkAndroid.Test.DownloadSongsTest">
    <ignored/>
  </testcase> <!-- downloadAllSongsOfPlayList500Songs -->
  <testcase name="deleteDownloadedSongs" time="0.0" classname="com.bsb.wynkAndroid.Test.DownloadSongsTest">
    <ignored/>
  </testcase> <!-- deleteDownloadedSongs -->
  <testcase name="downloadUnRegisteredPlayList" time="0.0" classname="com.bsb.wynkAndroid.Test.DownloadSongsTest">
    <ignored/>
  </testcase> <!-- downloadUnRegisteredPlayList -->
  <testcase name="downloadAfter3Play" time="0.0" classname="com.bsb.wynkAndroid.Test.DownloadSongsTest">
    <ignored/>
  </testcase> <!-- downloadAfter3Play -->
</testsuite> <!-- Download Song -->
