<?xml version="1.0" encoding="UTF-8"?>
<!-- Generated by org.testng.reporters.JUnitXMLReporter -->
<testsuite hostname="LTA1TFLHGS-MAC.local" ignored="9" name="Music Preferences" tests="8" failures="0" timestamp="26 Jul 2018 09:42:52 GMT" time="0.392" errors="0">
  <testcase name="@BeforeTest launchApp" time="0.341" classname="com.bsb.wynkAndroid.Test.MusicPreferenceTest">
    <failure type="java.lang.NullPointerException">
      <![CDATA[java.lang.NullPointerException
at com.bsb.wynkAndroid.Test.MusicPreferenceTest.launchApp(MusicPreferenceTest.java:97)
at java.util.concurrent.FutureTask.run(FutureTask.java:266)
at java.util.concurrent.ThreadPoolExecutor.runWorker(ThreadPoolExecutor.java:1149)
at java.util.concurrent.ThreadPoolExecutor$Worker.run(ThreadPoolExecutor.java:624)
at java.lang.Thread.run(Thread.java:748)
... Removed 15 stack frames]]>
    </failure>
  </testcase> <!-- @BeforeTest launchApp -->
  <testcase name="@BeforeMethod beforeMethod" time="0.0" classname="com.bsb.wynkAndroid.Test.MusicPreferenceTest">
    <skipped/>
  </testcase> <!-- @BeforeMethod beforeMethod -->
  <testcase name="@BeforeMethod beforeMethod" time="0.0" classname="com.bsb.wynkAndroid.Test.MusicPreferenceTest">
    <skipped/>
  </testcase> <!-- @BeforeMethod beforeMethod -->
  <testcase name="@BeforeMethod beforeMethod" time="0.0" classname="com.bsb.wynkAndroid.Test.MusicPreferenceTest">
    <skipped/>
  </testcase> <!-- @BeforeMethod beforeMethod -->
  <testcase name="@BeforeMethod beforeMethod" time="0.0" classname="com.bsb.wynkAndroid.Test.MusicPreferenceTest">
    <skipped/>
  </testcase> <!-- @BeforeMethod beforeMethod -->
  <testcase name="@BeforeMethod beforeMethod" time="0.0" classname="com.bsb.wynkAndroid.Test.MusicPreferenceTest">
    <skipped/>
  </testcase> <!-- @BeforeMethod beforeMethod -->
  <testcase name="@BeforeMethod beforeMethod" time="0.0" classname="com.bsb.wynkAndroid.Test.MusicPreferenceTest">
    <skipped/>
  </testcase> <!-- @BeforeMethod beforeMethod -->
  <testcase name="@BeforeMethod beforeMethod" time="0.0" classname="com.bsb.wynkAndroid.Test.MusicPreferenceTest">
    <skipped/>
  </testcase> <!-- @BeforeMethod beforeMethod -->
  <testcase name="@BeforeMethod beforeMethod" time="0.0" classname="com.bsb.wynkAndroid.Test.MusicPreferenceTest">
    <skipped/>
  </testcase> <!-- @BeforeMethod beforeMethod -->
  <testcase name="@AfterTest closeDriver" time="0.0" classname="com.bsb.wynkAndroid.Test.MusicPreferenceTest">
    <skipped/>
  </testcase> <!-- @AfterTest closeDriver -->
  <testcase name="validateMusicPreference" time="0.0" classname="com.bsb.wynkAndroid.Test.MusicPreferenceTest">
    <skipped/>
  </testcase> <!-- validateMusicPreference -->
  <testcase name="verifySelectedLanguageIsChecked" time="0.0" classname="com.bsb.wynkAndroid.Test.MusicPreferenceTest">
    <skipped/>
  </testcase> <!-- verifySelectedLanguageIsChecked -->
  <testcase name="verifyOnly1LanguageSelected" time="0.0" classname="com.bsb.wynkAndroid.Test.MusicPreferenceTest">
    <skipped/>
  </testcase> <!-- verifyOnly1LanguageSelected -->
  <testcase name="verifyNonCuratedLanguages" time="0.0" classname="com.bsb.wynkAndroid.Test.MusicPreferenceTest">
    <skipped/>
  </testcase> <!-- verifyNonCuratedLanguages -->
  <testcase name="verify5Languageswith2NonCurated" time="0.0" classname="com.bsb.wynkAndroid.Test.MusicPreferenceTest">
    <skipped/>
  </testcase> <!-- verify5Languageswith2NonCurated -->
  <testcase name="verifyHomeLanguageOption" time="0.0" classname="com.bsb.wynkAndroid.Test.MusicPreferenceTest">
    <skipped/>
  </testcase> <!-- verifyHomeLanguageOption -->
  <testcase name="onClickBehaviour" time="0.0" classname="com.bsb.wynkAndroid.Test.MusicPreferenceTest">
    <skipped/>
  </testcase> <!-- onClickBehaviour -->
  <testcase name="onClickBehaviourSetAddtoQueue" time="0.0" classname="com.bsb.wynkAndroid.Test.MusicPreferenceTest">
    <skipped/>
  </testcase> <!-- onClickBehaviourSetAddtoQueue -->
  <testcase name="afterMethod" time="0.0" classname="com.bsb.wynkAndroid.Test.MusicPreferenceTest">
    <ignored/>
  </testcase> <!-- afterMethod -->
  <testcase name="verifyMyProfile" time="0.0" classname="com.bsb.wynkAndroid.Test.MusicPreferenceTest">
    <ignored/>
  </testcase> <!-- verifyMyProfile -->
  <testcase name="deselectAllLangauge" time="0.0" classname="com.bsb.wynkAndroid.Test.MusicPreferenceTest">
    <ignored/>
  </testcase> <!-- deselectAllLangauge -->
  <testcase name="setDefaultLanguage" time="0.0" classname="com.bsb.wynkAndroid.Test.MusicPreferenceTest">
    <ignored/>
  </testcase> <!-- setDefaultLanguage -->
  <testcase name="validateLanguagesDisplay" time="0.0" classname="com.bsb.wynkAndroid.Test.MusicPreferenceTest">
    <ignored/>
  </testcase> <!-- validateLanguagesDisplay -->
  <testcase name="deSelectAllSongs" time="0.0" classname="com.bsb.wynkAndroid.Test.MusicPreferenceTest">
    <ignored/>
  </testcase> <!-- deSelectAllSongs -->
  <testcase name="validateListUnderOfflineMusicListeningPreferences" time="0.0" classname="com.bsb.wynkAndroid.Test.MusicPreferenceTest">
    <ignored/>
  </testcase> <!-- validateListUnderOfflineMusicListeningPreferences -->
  <testcase name="verifyIfSelectedLanguageRailFeedPresent" time="0.0" classname="com.bsb.wynkAndroid.Test.MusicPreferenceTest">
    <ignored/>
  </testcase> <!-- verifyIfSelectedLanguageRailFeedPresent -->
  <testcase name="onClickBehaviourPopUpClossed" time="0.0" classname="com.bsb.wynkAndroid.Test.MusicPreferenceTest">
    <ignored/>
  </testcase> <!-- onClickBehaviourPopUpClossed -->
</testsuite> <!-- Music Preferences -->
