<?xml version="1.0" encoding="UTF-8"?>
<!-- Generated by org.testng.reporters.JUnitXMLReporter -->
<testsuite hostname="LTA1TFLHGS-MAC.local" ignored="11" name="Search" tests="7" failures="0" timestamp="26 Jul 2018 09:42:51 GMT" time="1.121" errors="0">
  <testcase name="@BeforeTest launchApp" time="1.005" classname="com.bsb.wynkAndroid.Test.SearchTest">
    <failure type="java.lang.NullPointerException">
      <![CDATA[java.lang.NullPointerException
at com.bsb.wynkAndroid.Test.SearchTest.launchApp(SearchTest.java:133)
at java.util.concurrent.FutureTask.run(FutureTask.java:266)
at java.util.concurrent.ThreadPoolExecutor.runWorker(ThreadPoolExecutor.java:1149)
at java.util.concurrent.ThreadPoolExecutor$Worker.run(ThreadPoolExecutor.java:624)
at java.lang.Thread.run(Thread.java:748)
... Removed 15 stack frames]]>
    </failure>
  </testcase> <!-- @BeforeTest launchApp -->
  <testcase name="@BeforeMethod beforeMethod" time="0.0" classname="com.bsb.wynkAndroid.Test.SearchTest">
    <skipped/>
  </testcase> <!-- @BeforeMethod beforeMethod -->
  <testcase name="@AfterMethod afterMethod" time="0.0" classname="com.bsb.wynkAndroid.Test.SearchTest">
    <skipped/>
  </testcase> <!-- @AfterMethod afterMethod -->
  <testcase name="@BeforeMethod beforeMethod" time="0.0" classname="com.bsb.wynkAndroid.Test.SearchTest">
    <skipped/>
  </testcase> <!-- @BeforeMethod beforeMethod -->
  <testcase name="@AfterMethod afterMethod" time="0.0" classname="com.bsb.wynkAndroid.Test.SearchTest">
    <skipped/>
  </testcase> <!-- @AfterMethod afterMethod -->
  <testcase name="@BeforeMethod beforeMethod" time="0.0" classname="com.bsb.wynkAndroid.Test.SearchTest">
    <skipped/>
  </testcase> <!-- @BeforeMethod beforeMethod -->
  <testcase name="@AfterMethod afterMethod" time="0.0" classname="com.bsb.wynkAndroid.Test.SearchTest">
    <skipped/>
  </testcase> <!-- @AfterMethod afterMethod -->
  <testcase name="@BeforeMethod beforeMethod" time="0.0" classname="com.bsb.wynkAndroid.Test.SearchTest">
    <skipped/>
  </testcase> <!-- @BeforeMethod beforeMethod -->
  <testcase name="@AfterMethod afterMethod" time="0.0" classname="com.bsb.wynkAndroid.Test.SearchTest">
    <skipped/>
  </testcase> <!-- @AfterMethod afterMethod -->
  <testcase name="@BeforeMethod beforeMethod" time="0.0" classname="com.bsb.wynkAndroid.Test.SearchTest">
    <skipped/>
  </testcase> <!-- @BeforeMethod beforeMethod -->
  <testcase name="@AfterMethod afterMethod" time="0.0" classname="com.bsb.wynkAndroid.Test.SearchTest">
    <skipped/>
  </testcase> <!-- @AfterMethod afterMethod -->
  <testcase name="@BeforeMethod beforeMethod" time="0.0" classname="com.bsb.wynkAndroid.Test.SearchTest">
    <skipped/>
  </testcase> <!-- @BeforeMethod beforeMethod -->
  <testcase name="@AfterMethod afterMethod" time="0.0" classname="com.bsb.wynkAndroid.Test.SearchTest">
    <skipped/>
  </testcase> <!-- @AfterMethod afterMethod -->
  <testcase name="@BeforeMethod beforeMethod" time="0.0" classname="com.bsb.wynkAndroid.Test.SearchTest">
    <skipped/>
  </testcase> <!-- @BeforeMethod beforeMethod -->
  <testcase name="@AfterMethod afterMethod" time="0.0" classname="com.bsb.wynkAndroid.Test.SearchTest">
    <skipped/>
  </testcase> <!-- @AfterMethod afterMethod -->
  <testcase name="@AfterTest closeDriver" time="0.0" classname="com.bsb.wynkAndroid.Test.SearchTest">
    <skipped/>
  </testcase> <!-- @AfterTest closeDriver -->
  <testcase name="verifyAllSectionsPresenceOnSearchScreen" time="0.0" classname="com.bsb.wynkAndroid.Test.SearchTest">
    <skipped/>
  </testcase> <!-- verifyAllSectionsPresenceOnSearchScreen -->
  <testcase name="searchTopSong" time="0.0" classname="com.bsb.wynkAndroid.Test.SearchTest">
    <skipped/>
  </testcase> <!-- searchTopSong -->
  <testcase name="searchAndVerifyResultInRecentSearch" time="0.0" classname="com.bsb.wynkAndroid.Test.SearchTest">
    <skipped/>
  </testcase> <!-- searchAndVerifyResultInRecentSearch -->
  <testcase name="verifyMoreResults" time="0.0" classname="com.bsb.wynkAndroid.Test.SearchTest">
    <skipped/>
  </testcase> <!-- verifyMoreResults -->
  <testcase name="downloadSong" time="0.0" classname="com.bsb.wynkAndroid.Test.SearchTest">
    <skipped/>
  </testcase> <!-- downloadSong -->
  <testcase name="verifyArtistSearch" time="0.0" classname="com.bsb.wynkAndroid.Test.SearchTest">
    <skipped/>
  </testcase> <!-- verifyArtistSearch -->
  <testcase name="verifyVoiceSearch" time="0.0" classname="com.bsb.wynkAndroid.Test.SearchTest">
    <skipped/>
  </testcase> <!-- verifyVoiceSearch -->
  <testcase name="verify5Languageswith2NonCurated" time="0.0" classname="com.bsb.wynkAndroid.Test.SearchTest">
    <ignored/>
  </testcase> <!-- verify5Languageswith2NonCurated -->
  <testcase name="verifyNonCuratedLanguages" time="0.0" classname="com.bsb.wynkAndroid.Test.SearchTest">
    <ignored/>
  </testcase> <!-- verifyNonCuratedLanguages -->
  <testcase name="setDefaultLanguage" time="0.0" classname="com.bsb.wynkAndroid.Test.SearchTest">
    <ignored/>
  </testcase> <!-- setDefaultLanguage -->
  <testcase name="verifyHomeLanguageOption" time="0.0" classname="com.bsb.wynkAndroid.Test.SearchTest">
    <ignored/>
  </testcase> <!-- verifyHomeLanguageOption -->
  <testcase name="deselectAllLangauge" time="0.0" classname="com.bsb.wynkAndroid.Test.SearchTest">
    <ignored/>
  </testcase> <!-- deselectAllLangauge -->
  <testcase name="verifyOnly1LanguageSelected" time="0.0" classname="com.bsb.wynkAndroid.Test.SearchTest">
    <ignored/>
  </testcase> <!-- verifyOnly1LanguageSelected -->
  <testcase name="validateLanguagesDisplay" time="0.0" classname="com.bsb.wynkAndroid.Test.SearchTest">
    <ignored/>
  </testcase> <!-- validateLanguagesDisplay -->
  <testcase name="validateMusicPreference" time="0.0" classname="com.bsb.wynkAndroid.Test.SearchTest">
    <ignored/>
  </testcase> <!-- validateMusicPreference -->
  <testcase name="verifyOverFlowMenuOptions" time="0.0" classname="com.bsb.wynkAndroid.Test.SearchTest">
    <ignored/>
  </testcase> <!-- verifyOverFlowMenuOptions -->
  <testcase name="verifySelectedLanguageIsChecked" time="0.0" classname="com.bsb.wynkAndroid.Test.SearchTest">
    <ignored/>
  </testcase> <!-- verifySelectedLanguageIsChecked -->
  <testcase name="verifyIfSelectedLanguageRailFeedPresent" time="0.0" classname="com.bsb.wynkAndroid.Test.SearchTest">
    <ignored/>
  </testcase> <!-- verifyIfSelectedLanguageRailFeedPresent -->
</testsuite> <!-- Search -->
