<?xml version="1.0" encoding="UTF-8"?>
<!-- Generated by org.testng.reporters.JUnitXMLReporter -->
<testsuite hostname="LTA1TFLHGS-MAC.local" ignored="1" name="StreamingTest" tests="9" failures="0" timestamp="26 Jul 2018 09:42:52 GMT" time="0.399" errors="0">
  <testcase name="@BeforeTest launchApp" time="0.358" classname="com.bsb.wynkAndroid.Test.StreamingTest">
    <failure type="java.lang.NullPointerException">
      <![CDATA[java.lang.NullPointerException
at com.bsb.wynkAndroid.Test.StreamingTest.launchApp(StreamingTest.java:110)
at java.util.concurrent.FutureTask.run(FutureTask.java:266)
at java.util.concurrent.ThreadPoolExecutor.runWorker(ThreadPoolExecutor.java:1149)
at java.util.concurrent.ThreadPoolExecutor$Worker.run(ThreadPoolExecutor.java:624)
at java.lang.Thread.run(Thread.java:748)
... Removed 15 stack frames]]>
    </failure>
  </testcase> <!-- @BeforeTest launchApp -->
  <testcase name="@BeforeMethod beforeMethod" time="0.0" classname="com.bsb.wynkAndroid.Test.StreamingTest">
    <skipped/>
  </testcase> <!-- @BeforeMethod beforeMethod -->
  <testcase name="@AfterMethod afterMethod" time="0.0" classname="com.bsb.wynkAndroid.Test.StreamingTest">
    <skipped/>
  </testcase> <!-- @AfterMethod afterMethod -->
  <testcase name="@BeforeMethod beforeMethod" time="0.0" classname="com.bsb.wynkAndroid.Test.StreamingTest">
    <skipped/>
  </testcase> <!-- @BeforeMethod beforeMethod -->
  <testcase name="@AfterMethod afterMethod" time="0.0" classname="com.bsb.wynkAndroid.Test.StreamingTest">
    <skipped/>
  </testcase> <!-- @AfterMethod afterMethod -->
  <testcase name="@BeforeMethod beforeMethod" time="0.0" classname="com.bsb.wynkAndroid.Test.StreamingTest">
    <skipped/>
  </testcase> <!-- @BeforeMethod beforeMethod -->
  <testcase name="@AfterMethod afterMethod" time="0.0" classname="com.bsb.wynkAndroid.Test.StreamingTest">
    <skipped/>
  </testcase> <!-- @AfterMethod afterMethod -->
  <testcase name="@BeforeMethod beforeMethod" time="0.0" classname="com.bsb.wynkAndroid.Test.StreamingTest">
    <skipped/>
  </testcase> <!-- @BeforeMethod beforeMethod -->
  <testcase name="@AfterMethod afterMethod" time="0.0" classname="com.bsb.wynkAndroid.Test.StreamingTest">
    <skipped/>
  </testcase> <!-- @AfterMethod afterMethod -->
  <testcase name="@BeforeMethod beforeMethod" time="0.0" classname="com.bsb.wynkAndroid.Test.StreamingTest">
    <skipped/>
  </testcase> <!-- @BeforeMethod beforeMethod -->
  <testcase name="@AfterMethod afterMethod" time="0.0" classname="com.bsb.wynkAndroid.Test.StreamingTest">
    <skipped/>
  </testcase> <!-- @AfterMethod afterMethod -->
  <testcase name="@BeforeMethod beforeMethod" time="0.0" classname="com.bsb.wynkAndroid.Test.StreamingTest">
    <skipped/>
  </testcase> <!-- @BeforeMethod beforeMethod -->
  <testcase name="@AfterMethod afterMethod" time="0.0" classname="com.bsb.wynkAndroid.Test.StreamingTest">
    <skipped/>
  </testcase> <!-- @AfterMethod afterMethod -->
  <testcase name="@BeforeMethod beforeMethod" time="0.0" classname="com.bsb.wynkAndroid.Test.StreamingTest">
    <skipped/>
  </testcase> <!-- @BeforeMethod beforeMethod -->
  <testcase name="@AfterMethod afterMethod" time="0.0" classname="com.bsb.wynkAndroid.Test.StreamingTest">
    <skipped/>
  </testcase> <!-- @AfterMethod afterMethod -->
  <testcase name="@BeforeMethod beforeMethod" time="0.0" classname="com.bsb.wynkAndroid.Test.StreamingTest">
    <skipped/>
  </testcase> <!-- @BeforeMethod beforeMethod -->
  <testcase name="@AfterMethod afterMethod" time="0.0" classname="com.bsb.wynkAndroid.Test.StreamingTest">
    <skipped/>
  </testcase> <!-- @AfterMethod afterMethod -->
  <testcase name="@BeforeMethod beforeMethod" time="0.0" classname="com.bsb.wynkAndroid.Test.StreamingTest">
    <skipped/>
  </testcase> <!-- @BeforeMethod beforeMethod -->
  <testcase name="@AfterMethod afterMethod" time="0.0" classname="com.bsb.wynkAndroid.Test.StreamingTest">
    <skipped/>
  </testcase> <!-- @AfterMethod afterMethod -->
  <testcase name="@AfterTest closeDriver" time="0.0" classname="com.bsb.wynkAndroid.Test.StreamingTest">
    <skipped/>
  </testcase> <!-- @AfterTest closeDriver -->
  <testcase name="validateStreamingForUnregisteredUser" time="0.0" classname="com.bsb.wynkAndroid.Test.StreamingTest">
    <skipped/>
  </testcase> <!-- validateStreamingForUnregisteredUser -->
  <testcase name="verifyStreamingOnAuto" time="0.0" classname="com.bsb.wynkAndroid.Test.StreamingTest">
    <skipped/>
  </testcase> <!-- verifyStreamingOnAuto -->
  <testcase name="validateStreamingOnAllBitRates" time="0.0" classname="com.bsb.wynkAndroid.Test.StreamingTest">
    <skipped/>
  </testcase> <!-- validateStreamingOnAllBitRates -->
  <testcase name="validatePlayerControls" time="0.0" classname="com.bsb.wynkAndroid.Test.StreamingTest">
    <skipped/>
  </testcase> <!-- validatePlayerControls -->
  <testcase name="validateDownloadAndStreaming" time="0.0" classname="com.bsb.wynkAndroid.Test.StreamingTest">
    <skipped/>
  </testcase> <!-- validateDownloadAndStreaming -->
  <testcase name="validateSongCaching" time="0.0" classname="com.bsb.wynkAndroid.Test.StreamingTest">
    <skipped/>
  </testcase> <!-- validateSongCaching -->
  <testcase name="validateLocalMp3InAirPlaneMode" time="0.0" classname="com.bsb.wynkAndroid.Test.StreamingTest">
    <skipped/>
  </testcase> <!-- validateLocalMp3InAirPlaneMode -->
  <testcase name="validateOfflineModeStreaming" time="0.0" classname="com.bsb.wynkAndroid.Test.StreamingTest">
    <skipped/>
  </testcase> <!-- validateOfflineModeStreaming -->
  <testcase name="validateCachedSongStreamingInOffline" time="0.0" classname="com.bsb.wynkAndroid.Test.StreamingTest">
    <skipped/>
  </testcase> <!-- validateCachedSongStreamingInOffline -->
  <testcase name="validatePrefetching" time="0.0" classname="com.bsb.wynkAndroid.Test.StreamingTest">
    <ignored/>
  </testcase> <!-- validatePrefetching -->
</testsuite> <!-- StreamingTest -->
