<?xml version="1.0" encoding="UTF-8"?>
<!-- Generated by org.testng.reporters.JUnitXMLReporter -->
<testsuite hostname="LTA1TFLHGS-MAC.local" ignored="10" name="Test Queue" tests="8" failures="0" timestamp="26 Jul 2018 09:42:51 GMT" time="0.454" errors="0">
  <testcase name="@BeforeTest launchApp" time="0.379" classname="com.bsb.wynkAndroid.Test.QueueTest">
    <failure type="java.lang.NullPointerException">
      <![CDATA[java.lang.NullPointerException
at com.bsb.wynkAndroid.Test.QueueTest.launchApp(QueueTest.java:134)
at java.util.concurrent.FutureTask.run(FutureTask.java:266)
at java.util.concurrent.ThreadPoolExecutor.runWorker(ThreadPoolExecutor.java:1149)
at java.util.concurrent.ThreadPoolExecutor$Worker.run(ThreadPoolExecutor.java:624)
at java.lang.Thread.run(Thread.java:748)
... Removed 15 stack frames]]>
    </failure>
  </testcase> <!-- @BeforeTest launchApp -->
  <testcase name="@BeforeMethod beforeMethod" time="0.0" classname="com.bsb.wynkAndroid.Test.QueueTest">
    <skipped/>
  </testcase> <!-- @BeforeMethod beforeMethod -->
  <testcase name="@AfterMethod afterMethod" time="0.0" classname="com.bsb.wynkAndroid.Test.QueueTest">
    <skipped/>
  </testcase> <!-- @AfterMethod afterMethod -->
  <testcase name="@BeforeMethod beforeMethod" time="0.0" classname="com.bsb.wynkAndroid.Test.QueueTest">
    <skipped/>
  </testcase> <!-- @BeforeMethod beforeMethod -->
  <testcase name="@AfterMethod afterMethod" time="0.0" classname="com.bsb.wynkAndroid.Test.QueueTest">
    <skipped/>
  </testcase> <!-- @AfterMethod afterMethod -->
  <testcase name="@BeforeMethod beforeMethod" time="0.0" classname="com.bsb.wynkAndroid.Test.QueueTest">
    <skipped/>
  </testcase> <!-- @BeforeMethod beforeMethod -->
  <testcase name="@AfterMethod afterMethod" time="0.0" classname="com.bsb.wynkAndroid.Test.QueueTest">
    <skipped/>
  </testcase> <!-- @AfterMethod afterMethod -->
  <testcase name="@BeforeMethod beforeMethod" time="0.0" classname="com.bsb.wynkAndroid.Test.QueueTest">
    <skipped/>
  </testcase> <!-- @BeforeMethod beforeMethod -->
  <testcase name="@AfterMethod afterMethod" time="0.0" classname="com.bsb.wynkAndroid.Test.QueueTest">
    <skipped/>
  </testcase> <!-- @AfterMethod afterMethod -->
  <testcase name="@BeforeMethod beforeMethod" time="0.0" classname="com.bsb.wynkAndroid.Test.QueueTest">
    <skipped/>
  </testcase> <!-- @BeforeMethod beforeMethod -->
  <testcase name="@AfterMethod afterMethod" time="0.0" classname="com.bsb.wynkAndroid.Test.QueueTest">
    <skipped/>
  </testcase> <!-- @AfterMethod afterMethod -->
  <testcase name="@BeforeMethod beforeMethod" time="0.0" classname="com.bsb.wynkAndroid.Test.QueueTest">
    <skipped/>
  </testcase> <!-- @BeforeMethod beforeMethod -->
  <testcase name="@AfterMethod afterMethod" time="0.0" classname="com.bsb.wynkAndroid.Test.QueueTest">
    <skipped/>
  </testcase> <!-- @AfterMethod afterMethod -->
  <testcase name="@BeforeMethod beforeMethod" time="0.0" classname="com.bsb.wynkAndroid.Test.QueueTest">
    <skipped/>
  </testcase> <!-- @BeforeMethod beforeMethod -->
  <testcase name="@AfterMethod afterMethod" time="0.0" classname="com.bsb.wynkAndroid.Test.QueueTest">
    <skipped/>
  </testcase> <!-- @AfterMethod afterMethod -->
  <testcase name="@BeforeMethod beforeMethod" time="0.0" classname="com.bsb.wynkAndroid.Test.QueueTest">
    <skipped/>
  </testcase> <!-- @BeforeMethod beforeMethod -->
  <testcase name="@AfterMethod afterMethod" time="0.0" classname="com.bsb.wynkAndroid.Test.QueueTest">
    <skipped/>
  </testcase> <!-- @AfterMethod afterMethod -->
  <testcase name="@AfterTest closeDriver" time="0.0" classname="com.bsb.wynkAndroid.Test.QueueTest">
    <skipped/>
  </testcase> <!-- @AfterTest closeDriver -->
  <testcase name="songToPlaylist" time="0.0" classname="com.bsb.wynkAndroid.Test.QueueTest">
    <skipped/>
  </testcase> <!-- songToPlaylist -->
  <testcase name="addSongsToNewPlaylist" time="0.0" classname="com.bsb.wynkAndroid.Test.QueueTest">
    <skipped/>
  </testcase> <!-- addSongsToNewPlaylist -->
  <testcase name="deleteAllSongsFromQueue" time="0.0" classname="com.bsb.wynkAndroid.Test.QueueTest">
    <skipped/>
  </testcase> <!-- deleteAllSongsFromQueue -->
  <testcase name="songDeletion" time="0.0" classname="com.bsb.wynkAndroid.Test.QueueTest">
    <skipped/>
  </testcase> <!-- songDeletion -->
  <testcase name="verifyShuffle" time="0.0" classname="com.bsb.wynkAndroid.Test.QueueTest">
    <skipped/>
  </testcase> <!-- verifyShuffle -->
  <testcase name="queueHeader" time="0.0" classname="com.bsb.wynkAndroid.Test.QueueTest">
    <skipped/>
  </testcase> <!-- queueHeader -->
  <testcase name="playMorethan500songs" time="0.0" classname="com.bsb.wynkAndroid.Test.QueueTest">
    <skipped/>
  </testcase> <!-- playMorethan500songs -->
  <testcase name="queueHeaderOnScroll" time="0.0" classname="com.bsb.wynkAndroid.Test.QueueTest">
    <skipped/>
  </testcase> <!-- queueHeaderOnScroll -->
  <testcase name="verifyPlayListInQueue" time="0.0" classname="com.bsb.wynkAndroid.Test.QueueTest">
    <ignored/>
  </testcase> <!-- verifyPlayListInQueue -->
  <testcase name="verifySongInfo" time="0.0" classname="com.bsb.wynkAndroid.Test.QueueTest">
    <ignored/>
  </testcase> <!-- verifySongInfo -->
  <testcase name="undoRemovalSongFromQueue" time="0.0" classname="com.bsb.wynkAndroid.Test.QueueTest">
    <ignored/>
  </testcase> <!-- undoRemovalSongFromQueue -->
  <testcase name="deletePlayList" time="0.0" classname="com.bsb.wynkAndroid.Test.QueueTest">
    <ignored/>
  </testcase> <!-- deletePlayList -->
  <testcase name="confirmRemovalSongFromQueue" time="0.0" classname="com.bsb.wynkAndroid.Test.QueueTest">
    <ignored/>
  </testcase> <!-- confirmRemovalSongFromQueue -->
  <testcase name="songToPlaylistStats" time="0.0" classname="com.bsb.wynkAndroid.Test.QueueTest">
    <ignored/>
  </testcase> <!-- songToPlaylistStats -->
  <testcase name="removeSongFromQueue" time="0.0" classname="com.bsb.wynkAndroid.Test.QueueTest">
    <ignored/>
  </testcase> <!-- removeSongFromQueue -->
  <testcase name="afterSuite" time="0.0" classname="com.bsb.wynkAndroid.Test.QueueTest">
    <ignored/>
  </testcase> <!-- afterSuite -->
  <testcase name="addSongsFromPlaylist" time="0.0" classname="com.bsb.wynkAndroid.Test.QueueTest">
    <ignored/>
  </testcase> <!-- addSongsFromPlaylist -->
  <testcase name="changePositionOfSong" time="0.0" classname="com.bsb.wynkAndroid.Test.QueueTest">
    <ignored/>
  </testcase> <!-- changePositionOfSong -->
</testsuite> <!-- Test Queue -->
